{"D:\\Library\\server.js": {"path":"D:\\Library\\server.js","statementMap":{"0":{"start":{"line":1,"column":15},"end":{"line":1,"column":33}},"1":{"start":{"line":2,"column":17},"end":{"line":2,"column":36}},"2":{"start":{"line":3,"column":13},"end":{"line":3,"column":28}},"3":{"start":{"line":4,"column":11},"end":{"line":4,"column":26}},"4":{"start":{"line":5,"column":0},"end":{"line":5,"column":49}},"5":{"start":{"line":7,"column":20},"end":{"line":7,"column":50}},"6":{"start":{"line":8,"column":19},"end":{"line":8,"column":48}},"7":{"start":{"line":9,"column":23},"end":{"line":9,"column":56}},"8":{"start":{"line":10,"column":18},"end":{"line":10,"column":47}},"9":{"start":{"line":11,"column":23},"end":{"line":11,"column":57}},"10":{"start":{"line":14,"column":15},"end":{"line":14,"column":24}},"11":{"start":{"line":15,"column":10},"end":{"line":15,"column":32}},"12":{"start":{"line":17,"column":0},"end":{"line":19,"column":3}},"13":{"start":{"line":18,"column":4},"end":{"line":18,"column":46}},"14":{"start":{"line":22,"column":0},"end":{"line":22,"column":34}},"15":{"start":{"line":23,"column":0},"end":{"line":29,"column":8}},"16":{"start":{"line":25,"column":3},"end":{"line":25,"column":31}},"17":{"start":{"line":28,"column":3},"end":{"line":28,"column":49}},"18":{"start":{"line":32,"column":0},"end":{"line":36,"column":6}},"19":{"start":{"line":39,"column":0},"end":{"line":39,"column":27}},"20":{"start":{"line":40,"column":0},"end":{"line":40,"column":49}},"21":{"start":{"line":43,"column":1},"end":{"line":43,"column":23}},"22":{"start":{"line":44,"column":1},"end":{"line":44,"column":22}},"23":{"start":{"line":45,"column":1},"end":{"line":45,"column":26}},"24":{"start":{"line":46,"column":0},"end":{"line":46,"column":21}},"25":{"start":{"line":47,"column":0},"end":{"line":47,"column":26}},"26":{"start":{"line":50,"column":0},"end":{"line":52,"column":3}},"27":{"start":{"line":51,"column":1},"end":{"line":51,"column":92}},"28":{"start":{"line":55,"column":0},"end":{"line":62,"column":3}},"29":{"start":{"line":56,"column":1},"end":{"line":61,"column":2}},"30":{"start":{"line":58,"column":2},"end":{"line":58,"column":69}},"31":{"start":{"line":60,"column":8},"end":{"line":60,"column":59}},"32":{"start":{"line":64,"column":0},"end":{"line":64,"column":24}}},"fnMap":{"0":{"name":"(anonymous_0)","decl":{"start":{"line":17,"column":19},"end":{"line":17,"column":20}},"loc":{"start":{"line":17,"column":23},"end":{"line":19,"column":1}},"line":17},"1":{"name":"(anonymous_1)","decl":{"start":{"line":24,"column":11},"end":{"line":24,"column":12}},"loc":{"start":{"line":24,"column":17},"end":{"line":26,"column":7}},"line":24},"2":{"name":"(anonymous_2)","decl":{"start":{"line":27,"column":11},"end":{"line":27,"column":12}},"loc":{"start":{"line":27,"column":22},"end":{"line":29,"column":6}},"line":27},"3":{"name":"(anonymous_3)","decl":{"start":{"line":50,"column":11},"end":{"line":50,"column":12}},"loc":{"start":{"line":50,"column":40},"end":{"line":52,"column":1}},"line":50},"4":{"name":"(anonymous_4)","decl":{"start":{"line":55,"column":11},"end":{"line":55,"column":12}},"loc":{"start":{"line":55,"column":47},"end":{"line":62,"column":1}},"line":55}},"branchMap":{"0":{"loc":{"start":{"line":15,"column":10},"end":{"line":15,"column":32}},"type":"binary-expr","locations":[{"start":{"line":15,"column":10},"end":{"line":15,"column":26}},{"start":{"line":15,"column":28},"end":{"line":15,"column":32}}],"line":15},"1":{"loc":{"start":{"line":56,"column":1},"end":{"line":61,"column":2}},"type":"if","locations":[{"start":{"line":56,"column":1},"end":{"line":61,"column":2}},{"start":{"line":59,"column":8},"end":{"line":61,"column":2}}],"line":56},"2":{"loc":{"start":{"line":56,"column":5},"end":{"line":56,"column":49}},"type":"binary-expr","locations":[{"start":{"line":56,"column":5},"end":{"line":56,"column":21}},{"start":{"line":56,"column":25},"end":{"line":56,"column":49}}],"line":56}},"s":{"0":1,"1":1,"2":1,"3":1,"4":1,"5":1,"6":1,"7":1,"8":1,"9":1,"10":1,"11":1,"12":1,"13":1,"14":1,"15":1,"16":1,"17":0,"18":1,"19":1,"20":1,"21":1,"22":1,"23":1,"24":1,"25":1,"26":1,"27":0,"28":1,"29":3,"30":3,"31":0,"32":1},"f":{"0":1,"1":1,"2":0,"3":0,"4":3},"b":{"0":[1,1],"1":[3,0],"2":[3,3]},"_coverageSchema":"1a1c01bbd47fc00a2c39e90264f33305004495a9","hash":"5cb0e278a96c071a33dc3de22be47dd520ec88fa"}
,"D:\\Library\\Classes\\BookClass.js": {"path":"D:\\Library\\Classes\\BookClass.js","statementMap":{"0":{"start":{"line":3,"column":7},"end":{"line":3,"column":25}},"1":{"start":{"line":4,"column":8},"end":{"line":4,"column":28}},"2":{"start":{"line":5,"column":8},"end":{"line":5,"column":49}},"3":{"start":{"line":6,"column":8},"end":{"line":6,"column":41}},"4":{"start":{"line":7,"column":8},"end":{"line":7,"column":29}},"5":{"start":{"line":13,"column":8},"end":{"line":13,"column":63}},"6":{"start":{"line":14,"column":8},"end":{"line":14,"column":31}},"7":{"start":{"line":15,"column":8},"end":{"line":15,"column":35}},"8":{"start":{"line":19,"column":0},"end":{"line":19,"column":40}}},"fnMap":{"0":{"name":"(anonymous_0)","decl":{"start":{"line":2,"column":4},"end":{"line":2,"column":5}},"loc":{"start":{"line":2,"column":62},"end":{"line":8,"column":5}},"line":2},"1":{"name":"(anonymous_1)","decl":{"start":{"line":12,"column":4},"end":{"line":12,"column":5}},"loc":{"start":{"line":12,"column":76},"end":{"line":16,"column":5}},"line":12}},"branchMap":{},"s":{"0":0,"1":0,"2":0,"3":0,"4":0,"5":0,"6":0,"7":0,"8":1},"f":{"0":0,"1":0},"b":{},"_coverageSchema":"1a1c01bbd47fc00a2c39e90264f33305004495a9","hash":"4240cae98291182d2d9d5f47056c78acb32e1095"}
,"D:\\Library\\Classes\\BorrowerClass.js": {"path":"D:\\Library\\Classes\\BorrowerClass.js","statementMap":{"0":{"start":{"line":3,"column":6},"end":{"line":3,"column":33}},"1":{"start":{"line":4,"column":6},"end":{"line":4,"column":31}},"2":{"start":{"line":5,"column":6},"end":{"line":5,"column":37}},"3":{"start":{"line":6,"column":6},"end":{"line":6,"column":29}},"4":{"start":{"line":7,"column":6},"end":{"line":7,"column":25}},"5":{"start":{"line":8,"column":6},"end":{"line":8,"column":31}},"6":{"start":{"line":9,"column":6},"end":{"line":9,"column":25}},"7":{"start":{"line":10,"column":6},"end":{"line":10,"column":33}},"8":{"start":{"line":15,"column":2},"end":{"line":15,"column":28}}},"fnMap":{"0":{"name":"(anonymous_0)","decl":{"start":{"line":2,"column":4},"end":{"line":2,"column":5}},"loc":{"start":{"line":2,"column":79},"end":{"line":12,"column":5}},"line":2}},"branchMap":{},"s":{"0":0,"1":0,"2":0,"3":0,"4":0,"5":0,"6":0,"7":0,"8":1},"f":{"0":0},"b":{},"_coverageSchema":"1a1c01bbd47fc00a2c39e90264f33305004495a9","hash":"070ae95c400af2309343b6e9ca7804c125b91080"}
,"D:\\Library\\Classes\\UserClass.js": {"path":"D:\\Library\\Classes\\UserClass.js","statementMap":{"0":{"start":{"line":3,"column":6},"end":{"line":3,"column":33}},"1":{"start":{"line":4,"column":6},"end":{"line":4,"column":31}},"2":{"start":{"line":5,"column":6},"end":{"line":5,"column":37}},"3":{"start":{"line":6,"column":6},"end":{"line":6,"column":23}},"4":{"start":{"line":7,"column":6},"end":{"line":7,"column":25}},"5":{"start":{"line":8,"column":6},"end":{"line":8,"column":31}},"6":{"start":{"line":9,"column":6},"end":{"line":9,"column":27}},"7":{"start":{"line":10,"column":6},"end":{"line":10,"column":33}},"8":{"start":{"line":15,"column":2},"end":{"line":15,"column":24}}},"fnMap":{"0":{"name":"(anonymous_0)","decl":{"start":{"line":2,"column":4},"end":{"line":2,"column":5}},"loc":{"start":{"line":2,"column":77},"end":{"line":12,"column":5}},"line":2}},"branchMap":{},"s":{"0":1,"1":1,"2":1,"3":1,"4":1,"5":1,"6":1,"7":1,"8":1},"f":{"0":1},"b":{},"_coverageSchema":"1a1c01bbd47fc00a2c39e90264f33305004495a9","hash":"5b9a394ec22bd764cd16e2af37ff046f7de81757"}
,"D:\\Library\\Controllers\\BookController.js": {"path":"D:\\Library\\Controllers\\BookController.js","statementMap":{"0":{"start":{"line":1,"column":13},"end":{"line":1,"column":45}},"1":{"start":{"line":2,"column":32},"end":{"line":2,"column":65}},"2":{"start":{"line":3,"column":23},"end":{"line":3,"column":59}},"3":{"start":{"line":4,"column":19},"end":{"line":4,"column":51}},"4":{"start":{"line":8,"column":25},"end":{"line":24,"column":5}},"5":{"start":{"line":10,"column":70},"end":{"line":10,"column":78}},"6":{"start":{"line":11,"column":30},"end":{"line":11,"column":74}},"7":{"start":{"line":13,"column":8},"end":{"line":17,"column":9}},"8":{"start":{"line":14,"column":12},"end":{"line":14,"column":84}},"9":{"start":{"line":15,"column":14},"end":{"line":17,"column":9}},"10":{"start":{"line":16,"column":11},"end":{"line":16,"column":98}},"11":{"start":{"line":19,"column":21},"end":{"line":19,"column":38}},"12":{"start":{"line":20,"column":8},"end":{"line":20,"column":26}},"13":{"start":{"line":22,"column":8},"end":{"line":22,"column":38}},"14":{"start":{"line":26,"column":21},"end":{"line":34,"column":6}},"15":{"start":{"line":27,"column":23},"end":{"line":27,"column":36}},"16":{"start":{"line":28,"column":21},"end":{"line":28,"column":48}},"17":{"start":{"line":29,"column":8},"end":{"line":31,"column":9}},"18":{"start":{"line":30,"column":10},"end":{"line":30,"column":67}},"19":{"start":{"line":32,"column":8},"end":{"line":32,"column":35}},"20":{"start":{"line":36,"column":24},"end":{"line":57,"column":6}},"21":{"start":{"line":37,"column":29},"end":{"line":37,"column":38}},"22":{"start":{"line":38,"column":20},"end":{"line":38,"column":50}},"23":{"start":{"line":39,"column":24},"end":{"line":39,"column":58}},"24":{"start":{"line":40,"column":30},"end":{"line":40,"column":50}},"25":{"start":{"line":42,"column":23},"end":{"line":42,"column":34}},"26":{"start":{"line":44,"column":6},"end":{"line":46,"column":7}},"27":{"start":{"line":45,"column":8},"end":{"line":45,"column":116}},"28":{"start":{"line":48,"column":33},"end":{"line":48,"column":105}},"29":{"start":{"line":49,"column":20},"end":{"line":49,"column":51}},"30":{"start":{"line":51,"column":6},"end":{"line":53,"column":7}},"31":{"start":{"line":52,"column":10},"end":{"line":52,"column":68}},"32":{"start":{"line":55,"column":6},"end":{"line":55,"column":34}},"33":{"start":{"line":59,"column":23},"end":{"line":95,"column":6}},"34":{"start":{"line":60,"column":21},"end":{"line":60,"column":34}},"35":{"start":{"line":61,"column":24},"end":{"line":61,"column":51}},"36":{"start":{"line":63,"column":6},"end":{"line":65,"column":7}},"37":{"start":{"line":64,"column":8},"end":{"line":64,"column":65}},"38":{"start":{"line":67,"column":7},"end":{"line":67,"column":78}},"39":{"start":{"line":67,"column":30},"end":{"line":67,"column":78}},"40":{"start":{"line":68,"column":7},"end":{"line":70,"column":9}},"41":{"start":{"line":69,"column":8},"end":{"line":69,"column":136}},"42":{"start":{"line":71,"column":8},"end":{"line":73,"column":9}},"43":{"start":{"line":72,"column":12},"end":{"line":72,"column":142}},"44":{"start":{"line":74,"column":8},"end":{"line":76,"column":9}},"45":{"start":{"line":75,"column":12},"end":{"line":75,"column":140}},"46":{"start":{"line":78,"column":31},"end":{"line":78,"column":115}},"47":{"start":{"line":79,"column":8},"end":{"line":80,"column":99}},"48":{"start":{"line":80,"column":9},"end":{"line":80,"column":98}},"49":{"start":{"line":82,"column":21},"end":{"line":91,"column":9}},"50":{"start":{"line":93,"column":8},"end":{"line":93,"column":35}},"51":{"start":{"line":97,"column":20},"end":{"line":106,"column":6}},"52":{"start":{"line":98,"column":21},"end":{"line":98,"column":34}},"53":{"start":{"line":99,"column":19},"end":{"line":99,"column":55}},"54":{"start":{"line":100,"column":6},"end":{"line":102,"column":7}},"55":{"start":{"line":101,"column":10},"end":{"line":101,"column":68}},"56":{"start":{"line":104,"column":6},"end":{"line":104,"column":33}},"57":{"start":{"line":109,"column":0},"end":{"line":109,"column":32}}},"fnMap":{"0":{"name":"(anonymous_0)","decl":{"start":{"line":8,"column":36},"end":{"line":8,"column":37}},"loc":{"start":{"line":8,"column":61},"end":{"line":23,"column":7}},"line":8},"1":{"name":"(anonymous_1)","decl":{"start":{"line":26,"column":32},"end":{"line":26,"column":33}},"loc":{"start":{"line":26,"column":58},"end":{"line":34,"column":5}},"line":26},"2":{"name":"(anonymous_2)","decl":{"start":{"line":36,"column":35},"end":{"line":36,"column":36}},"loc":{"start":{"line":36,"column":57},"end":{"line":57,"column":5}},"line":36},"3":{"name":"(anonymous_3)","decl":{"start":{"line":59,"column":34},"end":{"line":59,"column":35}},"loc":{"start":{"line":59,"column":56},"end":{"line":95,"column":5}},"line":59},"4":{"name":"(anonymous_4)","decl":{"start":{"line":97,"column":31},"end":{"line":97,"column":32}},"loc":{"start":{"line":97,"column":53},"end":{"line":106,"column":5}},"line":97}},"branchMap":{"0":{"loc":{"start":{"line":13,"column":8},"end":{"line":17,"column":9}},"type":"if","locations":[{"start":{"line":13,"column":8},"end":{"line":17,"column":9}},{"start":{"line":15,"column":14},"end":{"line":17,"column":9}}],"line":13},"1":{"loc":{"start":{"line":15,"column":14},"end":{"line":17,"column":9}},"type":"if","locations":[{"start":{"line":15,"column":14},"end":{"line":17,"column":9}},{"start":{},"end":{}}],"line":15},"2":{"loc":{"start":{"line":29,"column":8},"end":{"line":31,"column":9}},"type":"if","locations":[{"start":{"line":29,"column":8},"end":{"line":31,"column":9}},{"start":{},"end":{}}],"line":29},"3":{"loc":{"start":{"line":38,"column":20},"end":{"line":38,"column":50}},"type":"binary-expr","locations":[{"start":{"line":38,"column":20},"end":{"line":38,"column":45}},{"start":{"line":38,"column":49},"end":{"line":38,"column":50}}],"line":38},"4":{"loc":{"start":{"line":39,"column":24},"end":{"line":39,"column":58}},"type":"binary-expr","locations":[{"start":{"line":39,"column":24},"end":{"line":39,"column":43}},{"start":{"line":39,"column":47},"end":{"line":39,"column":58}}],"line":39},"5":{"loc":{"start":{"line":44,"column":6},"end":{"line":46,"column":7}},"type":"if","locations":[{"start":{"line":44,"column":6},"end":{"line":46,"column":7}},{"start":{},"end":{}}],"line":44},"6":{"loc":{"start":{"line":51,"column":6},"end":{"line":53,"column":7}},"type":"if","locations":[{"start":{"line":51,"column":6},"end":{"line":53,"column":7}},{"start":{},"end":{}}],"line":51},"7":{"loc":{"start":{"line":63,"column":6},"end":{"line":65,"column":7}},"type":"if","locations":[{"start":{"line":63,"column":6},"end":{"line":65,"column":7}},{"start":{},"end":{}}],"line":63},"8":{"loc":{"start":{"line":67,"column":7},"end":{"line":67,"column":78}},"type":"if","locations":[{"start":{"line":67,"column":7},"end":{"line":67,"column":78}},{"start":{},"end":{}}],"line":67},"9":{"loc":{"start":{"line":68,"column":7},"end":{"line":70,"column":9}},"type":"if","locations":[{"start":{"line":68,"column":7},"end":{"line":70,"column":9}},{"start":{},"end":{}}],"line":68},"10":{"loc":{"start":{"line":71,"column":8},"end":{"line":73,"column":9}},"type":"if","locations":[{"start":{"line":71,"column":8},"end":{"line":73,"column":9}},{"start":{},"end":{}}],"line":71},"11":{"loc":{"start":{"line":74,"column":8},"end":{"line":76,"column":9}},"type":"if","locations":[{"start":{"line":74,"column":8},"end":{"line":76,"column":9}},{"start":{},"end":{}}],"line":74},"12":{"loc":{"start":{"line":79,"column":8},"end":{"line":80,"column":99}},"type":"if","locations":[{"start":{"line":79,"column":8},"end":{"line":80,"column":99}},{"start":{},"end":{}}],"line":79},"13":{"loc":{"start":{"line":100,"column":6},"end":{"line":102,"column":7}},"type":"if","locations":[{"start":{"line":100,"column":6},"end":{"line":102,"column":7}},{"start":{},"end":{}}],"line":100}},"s":{"0":1,"1":1,"2":1,"3":1,"4":1,"5":0,"6":0,"7":0,"8":0,"9":0,"10":0,"11":0,"12":0,"13":0,"14":1,"15":0,"16":0,"17":0,"18":0,"19":0,"20":1,"21":0,"22":0,"23":0,"24":0,"25":0,"26":0,"27":0,"28":0,"29":0,"30":0,"31":0,"32":0,"33":1,"34":0,"35":0,"36":0,"37":0,"38":0,"39":0,"40":0,"41":0,"42":0,"43":0,"44":0,"45":0,"46":0,"47":0,"48":0,"49":0,"50":0,"51":1,"52":0,"53":0,"54":0,"55":0,"56":0,"57":1},"f":{"0":0,"1":0,"2":0,"3":0,"4":0},"b":{"0":[0,0],"1":[0,0],"2":[0,0],"3":[0,0],"4":[0,0],"5":[0,0],"6":[0,0],"7":[0,0],"8":[0,0],"9":[0,0],"10":[0,0],"11":[0,0],"12":[0,0],"13":[0,0]},"_coverageSchema":"1a1c01bbd47fc00a2c39e90264f33305004495a9","hash":"f9bfb3e6bbf0107bc0e279f7c4cb36b8aba96488"}
,"D:\\Library\\Controllers\\BorrowerController.js": {"path":"D:\\Library\\Controllers\\BorrowerController.js","statementMap":{"0":{"start":{"line":2,"column":16},"end":{"line":10,"column":1}},"1":{"start":{"line":3,"column":28},"end":{"line":3,"column":110}},"2":{"start":{"line":3,"column":91},"end":{"line":3,"column":106}},"3":{"start":{"line":4,"column":4},"end":{"line":9,"column":7}},"4":{"start":{"line":5,"column":36},"end":{"line":5,"column":97}},"5":{"start":{"line":5,"column":42},"end":{"line":5,"column":70}},"6":{"start":{"line":5,"column":85},"end":{"line":5,"column":95}},"7":{"start":{"line":6,"column":35},"end":{"line":6,"column":100}},"8":{"start":{"line":6,"column":41},"end":{"line":6,"column":73}},"9":{"start":{"line":6,"column":88},"end":{"line":6,"column":98}},"10":{"start":{"line":7,"column":32},"end":{"line":7,"column":116}},"11":{"start":{"line":8,"column":8},"end":{"line":8,"column":78}},"12":{"start":{"line":12,"column":0},"end":{"line":12,"column":62}},"13":{"start":{"line":13,"column":15},"end":{"line":13,"column":32}},"14":{"start":{"line":14,"column":21},"end":{"line":14,"column":53}},"15":{"start":{"line":15,"column":13},"end":{"line":15,"column":45}},"16":{"start":{"line":16,"column":19},"end":{"line":16,"column":56}},"17":{"start":{"line":17,"column":19},"end":{"line":17,"column":51}},"18":{"start":{"line":18,"column":26},"end":{"line":18,"column":54}},"19":{"start":{"line":19,"column":15},"end":{"line":19,"column":30}},"20":{"start":{"line":20,"column":12},"end":{"line":20,"column":35}},"21":{"start":{"line":21,"column":19},"end":{"line":21,"column":21}},"22":{"start":{"line":22,"column":13},"end":{"line":22,"column":43}},"23":{"start":{"line":25,"column":0},"end":{"line":25,"column":24}},"24":{"start":{"line":26,"column":0},"end":{"line":33,"column":4}},"25":{"start":{"line":26,"column":71},"end":{"line":33,"column":2}},"26":{"start":{"line":27,"column":23},"end":{"line":27,"column":46}},"27":{"start":{"line":28,"column":21},"end":{"line":28,"column":56}},"28":{"start":{"line":29,"column":4},"end":{"line":31,"column":5}},"29":{"start":{"line":30,"column":8},"end":{"line":30,"column":69}},"30":{"start":{"line":32,"column":4},"end":{"line":32,"column":35}},"31":{"start":{"line":34,"column":0},"end":{"line":47,"column":4}},"32":{"start":{"line":34,"column":68},"end":{"line":47,"column":2}},"33":{"start":{"line":35,"column":45},"end":{"line":35,"column":54}},"34":{"start":{"line":36,"column":26},"end":{"line":36,"column":57}},"35":{"start":{"line":37,"column":25},"end":{"line":37,"column":40}},"36":{"start":{"line":38,"column":4},"end":{"line":40,"column":5}},"37":{"start":{"line":39,"column":8},"end":{"line":39,"column":102}},"38":{"start":{"line":41,"column":31},"end":{"line":41,"column":153}},"39":{"start":{"line":42,"column":22},"end":{"line":42,"column":53}},"40":{"start":{"line":43,"column":4},"end":{"line":45,"column":5}},"41":{"start":{"line":44,"column":8},"end":{"line":44,"column":72}},"42":{"start":{"line":46,"column":4},"end":{"line":46,"column":36}},"43":{"start":{"line":48,"column":0},"end":{"line":66,"column":4}},"44":{"start":{"line":48,"column":67},"end":{"line":66,"column":2}},"45":{"start":{"line":49,"column":23},"end":{"line":49,"column":46}},"46":{"start":{"line":50,"column":4},"end":{"line":53,"column":5}},"47":{"start":{"line":51,"column":21},"end":{"line":51,"column":63}},"48":{"start":{"line":52,"column":8},"end":{"line":52,"column":33}},"49":{"start":{"line":54,"column":21},"end":{"line":61,"column":5}},"50":{"start":{"line":62,"column":4},"end":{"line":64,"column":5}},"51":{"start":{"line":63,"column":8},"end":{"line":63,"column":69}},"52":{"start":{"line":65,"column":4},"end":{"line":65,"column":35}},"53":{"start":{"line":67,"column":0},"end":{"line":84,"column":4}},"54":{"start":{"line":67,"column":67},"end":{"line":84,"column":2}},"55":{"start":{"line":68,"column":23},"end":{"line":68,"column":46}},"56":{"start":{"line":69,"column":25},"end":{"line":69,"column":60}},"57":{"start":{"line":70,"column":4},"end":{"line":72,"column":5}},"58":{"start":{"line":71,"column":8},"end":{"line":71,"column":69}},"59":{"start":{"line":73,"column":23},"end":{"line":73,"column":87}},"60":{"start":{"line":74,"column":4},"end":{"line":81,"column":5}},"61":{"start":{"line":75,"column":30},"end":{"line":75,"column":110}},"62":{"start":{"line":75,"column":90},"end":{"line":75,"column":104}},"63":{"start":{"line":76,"column":8},"end":{"line":80,"column":11}},"64":{"start":{"line":78,"column":56},"end":{"line":78,"column":69}},"65":{"start":{"line":82,"column":21},"end":{"line":82,"column":65}},"66":{"start":{"line":83,"column":4},"end":{"line":83,"column":35}},"67":{"start":{"line":85,"column":0},"end":{"line":105,"column":4}},"68":{"start":{"line":85,"column":64},"end":{"line":105,"column":2}},"69":{"start":{"line":87,"column":19},"end":{"line":87,"column":32}},"70":{"start":{"line":88,"column":18},"end":{"line":88,"column":104}},"71":{"start":{"line":89,"column":4},"end":{"line":91,"column":5}},"72":{"start":{"line":90,"column":8},"end":{"line":90,"column":86}},"73":{"start":{"line":92,"column":20},"end":{"line":92,"column":90}},"74":{"start":{"line":93,"column":19},"end":{"line":93,"column":29}},"75":{"start":{"line":94,"column":17},"end":{"line":94,"column":38}},"76":{"start":{"line":95,"column":4},"end":{"line":97,"column":5}},"77":{"start":{"line":96,"column":8},"end":{"line":96,"column":67}},"78":{"start":{"line":98,"column":21},"end":{"line":98,"column":52}},"79":{"start":{"line":99,"column":4},"end":{"line":101,"column":5}},"80":{"start":{"line":100,"column":8},"end":{"line":100,"column":83}},"81":{"start":{"line":102,"column":4},"end":{"line":102,"column":35}},"82":{"start":{"line":103,"column":4},"end":{"line":103,"column":26}},"83":{"start":{"line":104,"column":4},"end":{"line":104,"column":70}},"84":{"start":{"line":106,"column":0},"end":{"line":106,"column":37}}},"fnMap":{"0":{"name":"(anonymous_0)","decl":{"start":{"line":2,"column":44},"end":{"line":2,"column":45}},"loc":{"start":{"line":2,"column":89},"end":{"line":10,"column":1}},"line":2},"1":{"name":"adopt","decl":{"start":{"line":3,"column":13},"end":{"line":3,"column":18}},"loc":{"start":{"line":3,"column":26},"end":{"line":3,"column":112}},"line":3},"2":{"name":"(anonymous_2)","decl":{"start":{"line":3,"column":70},"end":{"line":3,"column":71}},"loc":{"start":{"line":3,"column":89},"end":{"line":3,"column":108}},"line":3},"3":{"name":"(anonymous_3)","decl":{"start":{"line":4,"column":36},"end":{"line":4,"column":37}},"loc":{"start":{"line":4,"column":63},"end":{"line":9,"column":5}},"line":4},"4":{"name":"fulfilled","decl":{"start":{"line":5,"column":17},"end":{"line":5,"column":26}},"loc":{"start":{"line":5,"column":34},"end":{"line":5,"column":99}},"line":5},"5":{"name":"rejected","decl":{"start":{"line":6,"column":17},"end":{"line":6,"column":25}},"loc":{"start":{"line":6,"column":33},"end":{"line":6,"column":102}},"line":6},"6":{"name":"step","decl":{"start":{"line":7,"column":17},"end":{"line":7,"column":21}},"loc":{"start":{"line":7,"column":30},"end":{"line":7,"column":118}},"line":7},"7":{"name":"(anonymous_7)","decl":{"start":{"line":26,"column":51},"end":{"line":26,"column":52}},"loc":{"start":{"line":26,"column":71},"end":{"line":33,"column":2}},"line":26},"8":{"name":"(anonymous_8)","decl":{"start":{"line":26,"column":105},"end":{"line":26,"column":106}},"loc":{"start":{"line":26,"column":118},"end":{"line":33,"column":1}},"line":26},"9":{"name":"(anonymous_9)","decl":{"start":{"line":34,"column":48},"end":{"line":34,"column":49}},"loc":{"start":{"line":34,"column":68},"end":{"line":47,"column":2}},"line":34},"10":{"name":"(anonymous_10)","decl":{"start":{"line":34,"column":102},"end":{"line":34,"column":103}},"loc":{"start":{"line":34,"column":115},"end":{"line":47,"column":1}},"line":34},"11":{"name":"(anonymous_11)","decl":{"start":{"line":48,"column":47},"end":{"line":48,"column":48}},"loc":{"start":{"line":48,"column":67},"end":{"line":66,"column":2}},"line":48},"12":{"name":"(anonymous_12)","decl":{"start":{"line":48,"column":101},"end":{"line":48,"column":102}},"loc":{"start":{"line":48,"column":114},"end":{"line":66,"column":1}},"line":48},"13":{"name":"(anonymous_13)","decl":{"start":{"line":67,"column":47},"end":{"line":67,"column":48}},"loc":{"start":{"line":67,"column":67},"end":{"line":84,"column":2}},"line":67},"14":{"name":"(anonymous_14)","decl":{"start":{"line":67,"column":101},"end":{"line":67,"column":102}},"loc":{"start":{"line":67,"column":114},"end":{"line":84,"column":1}},"line":67},"15":{"name":"(anonymous_15)","decl":{"start":{"line":75,"column":75},"end":{"line":75,"column":76}},"loc":{"start":{"line":75,"column":90},"end":{"line":75,"column":104}},"line":75},"16":{"name":"(anonymous_16)","decl":{"start":{"line":78,"column":41},"end":{"line":78,"column":42}},"loc":{"start":{"line":78,"column":56},"end":{"line":78,"column":69}},"line":78},"17":{"name":"(anonymous_17)","decl":{"start":{"line":85,"column":44},"end":{"line":85,"column":45}},"loc":{"start":{"line":85,"column":64},"end":{"line":105,"column":2}},"line":85},"18":{"name":"(anonymous_18)","decl":{"start":{"line":85,"column":98},"end":{"line":85,"column":99}},"loc":{"start":{"line":85,"column":111},"end":{"line":105,"column":1}},"line":85}},"branchMap":{"0":{"loc":{"start":{"line":2,"column":16},"end":{"line":10,"column":1}},"type":"binary-expr","locations":[{"start":{"line":2,"column":17},"end":{"line":2,"column":21}},{"start":{"line":2,"column":25},"end":{"line":2,"column":39}},{"start":{"line":2,"column":44},"end":{"line":10,"column":1}}],"line":2},"1":{"loc":{"start":{"line":3,"column":35},"end":{"line":3,"column":109}},"type":"cond-expr","locations":[{"start":{"line":3,"column":56},"end":{"line":3,"column":61}},{"start":{"line":3,"column":64},"end":{"line":3,"column":109}}],"line":3},"2":{"loc":{"start":{"line":4,"column":16},"end":{"line":4,"column":34}},"type":"binary-expr","locations":[{"start":{"line":4,"column":16},"end":{"line":4,"column":17}},{"start":{"line":4,"column":22},"end":{"line":4,"column":33}}],"line":4},"3":{"loc":{"start":{"line":7,"column":32},"end":{"line":7,"column":115}},"type":"cond-expr","locations":[{"start":{"line":7,"column":46},"end":{"line":7,"column":67}},{"start":{"line":7,"column":70},"end":{"line":7,"column":115}}],"line":7},"4":{"loc":{"start":{"line":8,"column":51},"end":{"line":8,"column":67}},"type":"binary-expr","locations":[{"start":{"line":8,"column":51},"end":{"line":8,"column":61}},{"start":{"line":8,"column":65},"end":{"line":8,"column":67}}],"line":8},"5":{"loc":{"start":{"line":29,"column":4},"end":{"line":31,"column":5}},"type":"if","locations":[{"start":{"line":29,"column":4},"end":{"line":31,"column":5}},{"start":{},"end":{}}],"line":29},"6":{"loc":{"start":{"line":38,"column":4},"end":{"line":40,"column":5}},"type":"if","locations":[{"start":{"line":38,"column":4},"end":{"line":40,"column":5}},{"start":{},"end":{}}],"line":38},"7":{"loc":{"start":{"line":41,"column":100},"end":{"line":41,"column":112}},"type":"binary-expr","locations":[{"start":{"line":41,"column":100},"end":{"line":41,"column":105}},{"start":{"line":41,"column":109},"end":{"line":41,"column":112}}],"line":41},"8":{"loc":{"start":{"line":41,"column":128},"end":{"line":41,"column":152}},"type":"binary-expr","locations":[{"start":{"line":41,"column":128},"end":{"line":41,"column":137}},{"start":{"line":41,"column":141},"end":{"line":41,"column":152}}],"line":41},"9":{"loc":{"start":{"line":43,"column":4},"end":{"line":45,"column":5}},"type":"if","locations":[{"start":{"line":43,"column":4},"end":{"line":45,"column":5}},{"start":{},"end":{}}],"line":43},"10":{"loc":{"start":{"line":50,"column":4},"end":{"line":53,"column":5}},"type":"if","locations":[{"start":{"line":50,"column":4},"end":{"line":53,"column":5}},{"start":{},"end":{}}],"line":50},"11":{"loc":{"start":{"line":62,"column":4},"end":{"line":64,"column":5}},"type":"if","locations":[{"start":{"line":62,"column":4},"end":{"line":64,"column":5}},{"start":{},"end":{}}],"line":62},"12":{"loc":{"start":{"line":70,"column":4},"end":{"line":72,"column":5}},"type":"if","locations":[{"start":{"line":70,"column":4},"end":{"line":72,"column":5}},{"start":{},"end":{}}],"line":70},"13":{"loc":{"start":{"line":74,"column":4},"end":{"line":81,"column":5}},"type":"if","locations":[{"start":{"line":74,"column":4},"end":{"line":81,"column":5}},{"start":{},"end":{}}],"line":74},"14":{"loc":{"start":{"line":88,"column":18},"end":{"line":88,"column":104}},"type":"cond-expr","locations":[{"start":{"line":88,"column":79},"end":{"line":88,"column":85}},{"start":{"line":88,"column":88},"end":{"line":88,"column":104}}],"line":88},"15":{"loc":{"start":{"line":88,"column":18},"end":{"line":88,"column":76}},"type":"binary-expr","locations":[{"start":{"line":88,"column":18},"end":{"line":88,"column":59}},{"start":{"line":88,"column":63},"end":{"line":88,"column":76}}],"line":88},"16":{"loc":{"start":{"line":89,"column":4},"end":{"line":91,"column":5}},"type":"if","locations":[{"start":{"line":89,"column":4},"end":{"line":91,"column":5}},{"start":{},"end":{}}],"line":89},"17":{"loc":{"start":{"line":95,"column":4},"end":{"line":97,"column":5}},"type":"if","locations":[{"start":{"line":95,"column":4},"end":{"line":97,"column":5}},{"start":{},"end":{}}],"line":95},"18":{"loc":{"start":{"line":99,"column":4},"end":{"line":101,"column":5}},"type":"if","locations":[{"start":{"line":99,"column":4},"end":{"line":101,"column":5}},{"start":{},"end":{}}],"line":99},"19":{"loc":{"start":{"line":99,"column":8},"end":{"line":99,"column":74}},"type":"binary-expr","locations":[{"start":{"line":99,"column":8},"end":{"line":99,"column":36}},{"start":{"line":99,"column":40},"end":{"line":99,"column":74}}],"line":99}},"s":{"0":1,"1":0,"2":0,"3":0,"4":0,"5":0,"6":0,"7":0,"8":0,"9":0,"10":0,"11":0,"12":1,"13":1,"14":1,"15":1,"16":1,"17":1,"18":1,"19":1,"20":1,"21":1,"22":1,"23":1,"24":1,"25":0,"26":0,"27":0,"28":0,"29":0,"30":0,"31":1,"32":0,"33":0,"34":0,"35":0,"36":0,"37":0,"38":0,"39":0,"40":0,"41":0,"42":0,"43":1,"44":0,"45":0,"46":0,"47":0,"48":0,"49":0,"50":0,"51":0,"52":0,"53":1,"54":0,"55":0,"56":0,"57":0,"58":0,"59":0,"60":0,"61":0,"62":0,"63":0,"64":0,"65":0,"66":0,"67":1,"68":0,"69":0,"70":0,"71":0,"72":0,"73":0,"74":0,"75":0,"76":0,"77":0,"78":0,"79":0,"80":0,"81":0,"82":0,"83":0,"84":1},"f":{"0":0,"1":0,"2":0,"3":0,"4":0,"5":0,"6":0,"7":0,"8":0,"9":0,"10":0,"11":0,"12":0,"13":0,"14":0,"15":0,"16":0,"17":0,"18":0},"b":{"0":[1,1,1],"1":[0,0],"2":[0,0],"3":[0,0],"4":[0,0],"5":[0,0],"6":[0,0],"7":[0,0],"8":[0,0],"9":[0,0],"10":[0,0],"11":[0,0],"12":[0,0],"13":[0,0],"14":[0,0],"15":[0,0],"16":[0,0],"17":[0,0],"18":[0,0],"19":[0,0]},"_coverageSchema":"1a1c01bbd47fc00a2c39e90264f33305004495a9","hash":"4edccaca35b28690b93b839d6bf0bca900b357f5"}
,"D:\\Library\\Controllers\\BorrowingController.js": {"path":"D:\\Library\\Controllers\\BorrowingController.js","statementMap":{"0":{"start":{"line":2,"column":16},"end":{"line":10,"column":1}},"1":{"start":{"line":3,"column":28},"end":{"line":3,"column":110}},"2":{"start":{"line":3,"column":91},"end":{"line":3,"column":106}},"3":{"start":{"line":4,"column":4},"end":{"line":9,"column":7}},"4":{"start":{"line":5,"column":36},"end":{"line":5,"column":97}},"5":{"start":{"line":5,"column":42},"end":{"line":5,"column":70}},"6":{"start":{"line":5,"column":85},"end":{"line":5,"column":95}},"7":{"start":{"line":6,"column":35},"end":{"line":6,"column":100}},"8":{"start":{"line":6,"column":41},"end":{"line":6,"column":73}},"9":{"start":{"line":6,"column":88},"end":{"line":6,"column":98}},"10":{"start":{"line":7,"column":32},"end":{"line":7,"column":116}},"11":{"start":{"line":8,"column":8},"end":{"line":8,"column":78}},"12":{"start":{"line":12,"column":0},"end":{"line":12,"column":62}},"13":{"start":{"line":13,"column":12},"end":{"line":13,"column":35}},"14":{"start":{"line":14,"column":15},"end":{"line":14,"column":32}},"15":{"start":{"line":15,"column":15},"end":{"line":15,"column":30}},"16":{"start":{"line":16,"column":22},"end":{"line":16,"column":59}},"17":{"start":{"line":17,"column":13},"end":{"line":17,"column":45}},"18":{"start":{"line":18,"column":19},"end":{"line":18,"column":51}},"19":{"start":{"line":21,"column":0},"end":{"line":21,"column":25}},"20":{"start":{"line":22,"column":0},"end":{"line":56,"column":4}},"21":{"start":{"line":22,"column":64},"end":{"line":56,"column":2}},"22":{"start":{"line":24,"column":19},"end":{"line":24,"column":32}},"23":{"start":{"line":25,"column":18},"end":{"line":25,"column":104}},"24":{"start":{"line":26,"column":4},"end":{"line":28,"column":5}},"25":{"start":{"line":27,"column":8},"end":{"line":27,"column":86}},"26":{"start":{"line":29,"column":20},"end":{"line":29,"column":90}},"27":{"start":{"line":30,"column":19},"end":{"line":30,"column":29}},"28":{"start":{"line":31,"column":24},"end":{"line":31,"column":32}},"29":{"start":{"line":32,"column":17},"end":{"line":32,"column":44}},"30":{"start":{"line":33,"column":4},"end":{"line":35,"column":5}},"31":{"start":{"line":34,"column":8},"end":{"line":34,"column":71}},"32":{"start":{"line":36,"column":22},"end":{"line":36,"column":102}},"33":{"start":{"line":37,"column":4},"end":{"line":39,"column":5}},"34":{"start":{"line":38,"column":8},"end":{"line":38,"column":75}},"35":{"start":{"line":41,"column":4},"end":{"line":53,"column":5}},"36":{"start":{"line":42,"column":8},"end":{"line":42,"column":98}},"37":{"start":{"line":43,"column":8},"end":{"line":43,"column":36}},"38":{"start":{"line":45,"column":9},"end":{"line":53,"column":5}},"39":{"start":{"line":47,"column":28},"end":{"line":47,"column":36}},"40":{"start":{"line":48,"column":27},"end":{"line":48,"column":62}},"41":{"start":{"line":49,"column":27},"end":{"line":49,"column":63}},"42":{"start":{"line":50,"column":27},"end":{"line":50,"column":54}},"43":{"start":{"line":51,"column":8},"end":{"line":51,"column":41}},"44":{"start":{"line":52,"column":8},"end":{"line":52,"column":121}},"45":{"start":{"line":54,"column":4},"end":{"line":54,"column":33}},"46":{"start":{"line":55,"column":4},"end":{"line":55,"column":52}},"47":{"start":{"line":57,"column":0},"end":{"line":75,"column":4}},"48":{"start":{"line":57,"column":64},"end":{"line":75,"column":2}},"49":{"start":{"line":59,"column":19},"end":{"line":59,"column":32}},"50":{"start":{"line":60,"column":18},"end":{"line":60,"column":104}},"51":{"start":{"line":61,"column":4},"end":{"line":63,"column":5}},"52":{"start":{"line":62,"column":8},"end":{"line":62,"column":86}},"53":{"start":{"line":64,"column":20},"end":{"line":64,"column":90}},"54":{"start":{"line":65,"column":22},"end":{"line":65,"column":89}},"55":{"start":{"line":66,"column":17},"end":{"line":66,"column":44}},"56":{"start":{"line":67,"column":4},"end":{"line":69,"column":5}},"57":{"start":{"line":68,"column":8},"end":{"line":68,"column":103}},"58":{"start":{"line":70,"column":4},"end":{"line":70,"column":30}},"59":{"start":{"line":71,"column":4},"end":{"line":71,"column":32}},"60":{"start":{"line":72,"column":4},"end":{"line":72,"column":27}},"61":{"start":{"line":73,"column":4},"end":{"line":73,"column":22}},"62":{"start":{"line":74,"column":4},"end":{"line":74,"column":62}},"63":{"start":{"line":76,"column":0},"end":{"line":76,"column":38}}},"fnMap":{"0":{"name":"(anonymous_0)","decl":{"start":{"line":2,"column":44},"end":{"line":2,"column":45}},"loc":{"start":{"line":2,"column":89},"end":{"line":10,"column":1}},"line":2},"1":{"name":"adopt","decl":{"start":{"line":3,"column":13},"end":{"line":3,"column":18}},"loc":{"start":{"line":3,"column":26},"end":{"line":3,"column":112}},"line":3},"2":{"name":"(anonymous_2)","decl":{"start":{"line":3,"column":70},"end":{"line":3,"column":71}},"loc":{"start":{"line":3,"column":89},"end":{"line":3,"column":108}},"line":3},"3":{"name":"(anonymous_3)","decl":{"start":{"line":4,"column":36},"end":{"line":4,"column":37}},"loc":{"start":{"line":4,"column":63},"end":{"line":9,"column":5}},"line":4},"4":{"name":"fulfilled","decl":{"start":{"line":5,"column":17},"end":{"line":5,"column":26}},"loc":{"start":{"line":5,"column":34},"end":{"line":5,"column":99}},"line":5},"5":{"name":"rejected","decl":{"start":{"line":6,"column":17},"end":{"line":6,"column":25}},"loc":{"start":{"line":6,"column":33},"end":{"line":6,"column":102}},"line":6},"6":{"name":"step","decl":{"start":{"line":7,"column":17},"end":{"line":7,"column":21}},"loc":{"start":{"line":7,"column":30},"end":{"line":7,"column":118}},"line":7},"7":{"name":"(anonymous_7)","decl":{"start":{"line":22,"column":44},"end":{"line":22,"column":45}},"loc":{"start":{"line":22,"column":64},"end":{"line":56,"column":2}},"line":22},"8":{"name":"(anonymous_8)","decl":{"start":{"line":22,"column":98},"end":{"line":22,"column":99}},"loc":{"start":{"line":22,"column":111},"end":{"line":56,"column":1}},"line":22},"9":{"name":"(anonymous_9)","decl":{"start":{"line":57,"column":44},"end":{"line":57,"column":45}},"loc":{"start":{"line":57,"column":64},"end":{"line":75,"column":2}},"line":57},"10":{"name":"(anonymous_10)","decl":{"start":{"line":57,"column":98},"end":{"line":57,"column":99}},"loc":{"start":{"line":57,"column":111},"end":{"line":75,"column":1}},"line":57}},"branchMap":{"0":{"loc":{"start":{"line":2,"column":16},"end":{"line":10,"column":1}},"type":"binary-expr","locations":[{"start":{"line":2,"column":17},"end":{"line":2,"column":21}},{"start":{"line":2,"column":25},"end":{"line":2,"column":39}},{"start":{"line":2,"column":44},"end":{"line":10,"column":1}}],"line":2},"1":{"loc":{"start":{"line":3,"column":35},"end":{"line":3,"column":109}},"type":"cond-expr","locations":[{"start":{"line":3,"column":56},"end":{"line":3,"column":61}},{"start":{"line":3,"column":64},"end":{"line":3,"column":109}}],"line":3},"2":{"loc":{"start":{"line":4,"column":16},"end":{"line":4,"column":34}},"type":"binary-expr","locations":[{"start":{"line":4,"column":16},"end":{"line":4,"column":17}},{"start":{"line":4,"column":22},"end":{"line":4,"column":33}}],"line":4},"3":{"loc":{"start":{"line":7,"column":32},"end":{"line":7,"column":115}},"type":"cond-expr","locations":[{"start":{"line":7,"column":46},"end":{"line":7,"column":67}},{"start":{"line":7,"column":70},"end":{"line":7,"column":115}}],"line":7},"4":{"loc":{"start":{"line":8,"column":51},"end":{"line":8,"column":67}},"type":"binary-expr","locations":[{"start":{"line":8,"column":51},"end":{"line":8,"column":61}},{"start":{"line":8,"column":65},"end":{"line":8,"column":67}}],"line":8},"5":{"loc":{"start":{"line":25,"column":18},"end":{"line":25,"column":104}},"type":"cond-expr","locations":[{"start":{"line":25,"column":79},"end":{"line":25,"column":85}},{"start":{"line":25,"column":88},"end":{"line":25,"column":104}}],"line":25},"6":{"loc":{"start":{"line":25,"column":18},"end":{"line":25,"column":76}},"type":"binary-expr","locations":[{"start":{"line":25,"column":18},"end":{"line":25,"column":59}},{"start":{"line":25,"column":63},"end":{"line":25,"column":76}}],"line":25},"7":{"loc":{"start":{"line":26,"column":4},"end":{"line":28,"column":5}},"type":"if","locations":[{"start":{"line":26,"column":4},"end":{"line":28,"column":5}},{"start":{},"end":{}}],"line":26},"8":{"loc":{"start":{"line":33,"column":4},"end":{"line":35,"column":5}},"type":"if","locations":[{"start":{"line":33,"column":4},"end":{"line":35,"column":5}},{"start":{},"end":{}}],"line":33},"9":{"loc":{"start":{"line":33,"column":8},"end":{"line":33,"column":44}},"type":"binary-expr","locations":[{"start":{"line":33,"column":8},"end":{"line":33,"column":35}},{"start":{"line":33,"column":39},"end":{"line":33,"column":44}}],"line":33},"10":{"loc":{"start":{"line":37,"column":4},"end":{"line":39,"column":5}},"type":"if","locations":[{"start":{"line":37,"column":4},"end":{"line":39,"column":5}},{"start":{},"end":{}}],"line":37},"11":{"loc":{"start":{"line":41,"column":4},"end":{"line":53,"column":5}},"type":"if","locations":[{"start":{"line":41,"column":4},"end":{"line":53,"column":5}},{"start":{"line":45,"column":9},"end":{"line":53,"column":5}}],"line":41},"12":{"loc":{"start":{"line":45,"column":9},"end":{"line":53,"column":5}},"type":"if","locations":[{"start":{"line":45,"column":9},"end":{"line":53,"column":5}},{"start":{},"end":{}}],"line":45},"13":{"loc":{"start":{"line":60,"column":18},"end":{"line":60,"column":104}},"type":"cond-expr","locations":[{"start":{"line":60,"column":79},"end":{"line":60,"column":85}},{"start":{"line":60,"column":88},"end":{"line":60,"column":104}}],"line":60},"14":{"loc":{"start":{"line":60,"column":18},"end":{"line":60,"column":76}},"type":"binary-expr","locations":[{"start":{"line":60,"column":18},"end":{"line":60,"column":59}},{"start":{"line":60,"column":63},"end":{"line":60,"column":76}}],"line":60},"15":{"loc":{"start":{"line":61,"column":4},"end":{"line":63,"column":5}},"type":"if","locations":[{"start":{"line":61,"column":4},"end":{"line":63,"column":5}},{"start":{},"end":{}}],"line":61},"16":{"loc":{"start":{"line":67,"column":4},"end":{"line":69,"column":5}},"type":"if","locations":[{"start":{"line":67,"column":4},"end":{"line":69,"column":5}},{"start":{},"end":{}}],"line":67},"17":{"loc":{"start":{"line":67,"column":8},"end":{"line":67,"column":40}},"type":"binary-expr","locations":[{"start":{"line":67,"column":8},"end":{"line":67,"column":18}},{"start":{"line":67,"column":22},"end":{"line":67,"column":40}}],"line":67}},"s":{"0":1,"1":0,"2":0,"3":0,"4":0,"5":0,"6":0,"7":0,"8":0,"9":0,"10":0,"11":0,"12":1,"13":1,"14":1,"15":1,"16":1,"17":1,"18":1,"19":1,"20":1,"21":0,"22":0,"23":0,"24":0,"25":0,"26":0,"27":0,"28":0,"29":0,"30":0,"31":0,"32":0,"33":0,"34":0,"35":0,"36":0,"37":0,"38":0,"39":0,"40":0,"41":0,"42":0,"43":0,"44":0,"45":0,"46":0,"47":1,"48":0,"49":0,"50":0,"51":0,"52":0,"53":0,"54":0,"55":0,"56":0,"57":0,"58":0,"59":0,"60":0,"61":0,"62":0,"63":1},"f":{"0":0,"1":0,"2":0,"3":0,"4":0,"5":0,"6":0,"7":0,"8":0,"9":0,"10":0},"b":{"0":[1,1,1],"1":[0,0],"2":[0,0],"3":[0,0],"4":[0,0],"5":[0,0],"6":[0,0],"7":[0,0],"8":[0,0],"9":[0,0],"10":[0,0],"11":[0,0],"12":[0,0],"13":[0,0],"14":[0,0],"15":[0,0],"16":[0,0],"17":[0,0]},"_coverageSchema":"1a1c01bbd47fc00a2c39e90264f33305004495a9","hash":"f21bc833a899284db6e318fed9164e01b6d0a49f"}
,"D:\\Library\\Controllers\\LoginController.js": {"path":"D:\\Library\\Controllers\\LoginController.js","statementMap":{"0":{"start":{"line":1,"column":12},"end":{"line":1,"column":35}},"1":{"start":{"line":2,"column":15},"end":{"line":2,"column":32}},"2":{"start":{"line":3,"column":22},"end":{"line":3,"column":37}},"3":{"start":{"line":5,"column":27},"end":{"line":5,"column":59}},"4":{"start":{"line":6,"column":22},"end":{"line":6,"column":59}},"5":{"start":{"line":7,"column":19},"end":{"line":7,"column":51}},"6":{"start":{"line":8,"column":17},"end":{"line":8,"column":47}},"7":{"start":{"line":9,"column":22},"end":{"line":9,"column":55}},"8":{"start":{"line":11,"column":19},"end":{"line":11,"column":21}},"9":{"start":{"line":12,"column":13},"end":{"line":12,"column":43}},"10":{"start":{"line":16,"column":8},"end":{"line":16,"column":27}},"11":{"start":{"line":19,"column":12},"end":{"line":43,"column":6}},"12":{"start":{"line":20,"column":37},"end":{"line":20,"column":45}},"13":{"start":{"line":22,"column":8},"end":{"line":24,"column":9}},"14":{"start":{"line":23,"column":8},"end":{"line":23,"column":71}},"15":{"start":{"line":25,"column":17},"end":{"line":25,"column":76}},"16":{"start":{"line":28,"column":4},"end":{"line":30,"column":5}},"17":{"start":{"line":29,"column":8},"end":{"line":29,"column":70}},"18":{"start":{"line":32,"column":4},"end":{"line":34,"column":5}},"19":{"start":{"line":33,"column":8},"end":{"line":33,"column":92}},"20":{"start":{"line":37,"column":18},"end":{"line":37,"column":119}},"21":{"start":{"line":39,"column":4},"end":{"line":42,"column":7}},"22":{"start":{"line":45,"column":22},"end":{"line":60,"column":6}},"23":{"start":{"line":46,"column":21},"end":{"line":46,"column":69}},"24":{"start":{"line":47,"column":8},"end":{"line":49,"column":9}},"25":{"start":{"line":48,"column":12},"end":{"line":48,"column":75}},"26":{"start":{"line":50,"column":26},"end":{"line":50,"column":71}},"27":{"start":{"line":51,"column":8},"end":{"line":58,"column":9}},"28":{"start":{"line":52,"column":12},"end":{"line":52,"column":93}},"29":{"start":{"line":54,"column":12},"end":{"line":54,"column":34}},"30":{"start":{"line":55,"column":12},"end":{"line":55,"column":50}},"31":{"start":{"line":56,"column":12},"end":{"line":56,"column":59}},"32":{"start":{"line":57,"column":12},"end":{"line":57,"column":89}},"33":{"start":{"line":63,"column":21},"end":{"line":90,"column":6}},"34":{"start":{"line":65,"column":20},"end":{"line":65,"column":33}},"35":{"start":{"line":66,"column":28},"end":{"line":66,"column":45}},"36":{"start":{"line":67,"column":22},"end":{"line":67,"column":36}},"37":{"start":{"line":69,"column":21},"end":{"line":69,"column":68}},"38":{"start":{"line":70,"column":8},"end":{"line":72,"column":9}},"39":{"start":{"line":71,"column":12},"end":{"line":71,"column":84}},"40":{"start":{"line":74,"column":23},"end":{"line":74,"column":66}},"41":{"start":{"line":75,"column":8},"end":{"line":77,"column":9}},"42":{"start":{"line":76,"column":8},"end":{"line":76,"column":58}},"43":{"start":{"line":79,"column":8},"end":{"line":86,"column":9}},"44":{"start":{"line":80,"column":12},"end":{"line":80,"column":80}},"45":{"start":{"line":83,"column":8},"end":{"line":83,"column":58}},"46":{"start":{"line":84,"column":8},"end":{"line":84,"column":26}},"47":{"start":{"line":88,"column":4},"end":{"line":88,"column":46}},"48":{"start":{"line":92,"column":27},"end":{"line":113,"column":6}},"49":{"start":{"line":93,"column":22},"end":{"line":93,"column":61}},"50":{"start":{"line":94,"column":8},"end":{"line":96,"column":9}},"51":{"start":{"line":95,"column":8},"end":{"line":95,"column":88}},"52":{"start":{"line":97,"column":24},"end":{"line":97,"column":81}},"53":{"start":{"line":100,"column":21},"end":{"line":100,"column":58}},"54":{"start":{"line":101,"column":8},"end":{"line":103,"column":9}},"55":{"start":{"line":102,"column":8},"end":{"line":102,"column":79}},"56":{"start":{"line":105,"column":26},"end":{"line":105,"column":71}},"57":{"start":{"line":107,"column":8},"end":{"line":109,"column":9}},"58":{"start":{"line":108,"column":12},"end":{"line":108,"column":89}},"59":{"start":{"line":111,"column":8},"end":{"line":111,"column":86}},"60":{"start":{"line":115,"column":19},"end":{"line":141,"column":6}},"61":{"start":{"line":117,"column":20},"end":{"line":117,"column":33}},"62":{"start":{"line":118,"column":22},"end":{"line":118,"column":61}},"63":{"start":{"line":119,"column":8},"end":{"line":121,"column":9}},"64":{"start":{"line":120,"column":8},"end":{"line":120,"column":88}},"65":{"start":{"line":122,"column":24},"end":{"line":122,"column":81}},"66":{"start":{"line":125,"column":21},"end":{"line":125,"column":58}},"67":{"start":{"line":126,"column":8},"end":{"line":128,"column":9}},"68":{"start":{"line":127,"column":8},"end":{"line":127,"column":79}},"69":{"start":{"line":129,"column":4},"end":{"line":129,"column":39}},"70":{"start":{"line":130,"column":23},"end":{"line":130,"column":77}},"71":{"start":{"line":131,"column":8},"end":{"line":135,"column":9}},"72":{"start":{"line":133,"column":6},"end":{"line":133,"column":60}},"73":{"start":{"line":137,"column":8},"end":{"line":137,"column":31}},"74":{"start":{"line":138,"column":8},"end":{"line":138,"column":26}},"75":{"start":{"line":140,"column":8},"end":{"line":140,"column":72}},"76":{"start":{"line":143,"column":20},"end":{"line":162,"column":5}},"77":{"start":{"line":144,"column":22},"end":{"line":144,"column":47}},"78":{"start":{"line":146,"column":8},"end":{"line":161,"column":11}},"79":{"start":{"line":148,"column":28},"end":{"line":148,"column":69}},"80":{"start":{"line":151,"column":35},"end":{"line":151,"column":63}},"81":{"start":{"line":152,"column":32},"end":{"line":152,"column":42}},"82":{"start":{"line":154,"column":12},"end":{"line":156,"column":13}},"83":{"start":{"line":155,"column":14},"end":{"line":155,"column":72}},"84":{"start":{"line":158,"column":12},"end":{"line":158,"column":71}},"85":{"start":{"line":160,"column":12},"end":{"line":160,"column":70}},"86":{"start":{"line":168,"column":8},"end":{"line":168,"column":24}},"87":{"start":{"line":171,"column":16},"end":{"line":183,"column":5}},"88":{"start":{"line":173,"column":21},"end":{"line":173,"column":63}},"89":{"start":{"line":174,"column":72},"end":{"line":174,"column":80}},"90":{"start":{"line":176,"column":28},"end":{"line":176,"column":104}},"91":{"start":{"line":178,"column":25},"end":{"line":178,"column":50}},"92":{"start":{"line":179,"column":8},"end":{"line":179,"column":30}},"93":{"start":{"line":181,"column":8},"end":{"line":181,"column":42}},"94":{"start":{"line":189,"column":8},"end":{"line":189,"column":20}},"95":{"start":{"line":193,"column":17},"end":{"line":193,"column":31}},"96":{"start":{"line":194,"column":21},"end":{"line":194,"column":39}},"97":{"start":{"line":196,"column":0},"end":{"line":196,"column":43}}},"fnMap":{"0":{"name":"(anonymous_0)","decl":{"start":{"line":15,"column":4},"end":{"line":15,"column":5}},"loc":{"start":{"line":15,"column":23},"end":{"line":17,"column":5}},"line":15},"1":{"name":"(anonymous_1)","decl":{"start":{"line":19,"column":23},"end":{"line":19,"column":24}},"loc":{"start":{"line":19,"column":45},"end":{"line":43,"column":5}},"line":19},"2":{"name":"(anonymous_2)","decl":{"start":{"line":45,"column":33},"end":{"line":45,"column":34}},"loc":{"start":{"line":45,"column":55},"end":{"line":60,"column":5}},"line":45},"3":{"name":"(anonymous_3)","decl":{"start":{"line":63,"column":32},"end":{"line":63,"column":33}},"loc":{"start":{"line":63,"column":54},"end":{"line":90,"column":5}},"line":63},"4":{"name":"(anonymous_4)","decl":{"start":{"line":92,"column":38},"end":{"line":92,"column":39}},"loc":{"start":{"line":92,"column":60},"end":{"line":113,"column":5}},"line":92},"5":{"name":"(anonymous_5)","decl":{"start":{"line":115,"column":30},"end":{"line":115,"column":31}},"loc":{"start":{"line":115,"column":52},"end":{"line":141,"column":5}},"line":115},"6":{"name":"(anonymous_6)","decl":{"start":{"line":143,"column":20},"end":{"line":143,"column":21}},"loc":{"start":{"line":143,"column":42},"end":{"line":162,"column":5}},"line":143},"7":{"name":"(anonymous_7)","decl":{"start":{"line":167,"column":4},"end":{"line":167,"column":5}},"loc":{"start":{"line":167,"column":18},"end":{"line":169,"column":5}},"line":167},"8":{"name":"(anonymous_8)","decl":{"start":{"line":171,"column":27},"end":{"line":171,"column":28}},"loc":{"start":{"line":171,"column":52},"end":{"line":182,"column":7}},"line":171},"9":{"name":"(anonymous_9)","decl":{"start":{"line":188,"column":4},"end":{"line":188,"column":5}},"loc":{"start":{"line":188,"column":18},"end":{"line":190,"column":5}},"line":188}},"branchMap":{"0":{"loc":{"start":{"line":22,"column":8},"end":{"line":24,"column":9}},"type":"if","locations":[{"start":{"line":22,"column":8},"end":{"line":24,"column":9}},{"start":{},"end":{}}],"line":22},"1":{"loc":{"start":{"line":22,"column":11},"end":{"line":22,"column":30}},"type":"binary-expr","locations":[{"start":{"line":22,"column":11},"end":{"line":22,"column":17}},{"start":{"line":22,"column":21},"end":{"line":22,"column":30}}],"line":22},"2":{"loc":{"start":{"line":28,"column":4},"end":{"line":30,"column":5}},"type":"if","locations":[{"start":{"line":28,"column":4},"end":{"line":30,"column":5}},{"start":{},"end":{}}],"line":28},"3":{"loc":{"start":{"line":28,"column":7},"end":{"line":28,"column":70}},"type":"binary-expr","locations":[{"start":{"line":28,"column":7},"end":{"line":28,"column":12}},{"start":{"line":28,"column":16},"end":{"line":28,"column":70}}],"line":28},"4":{"loc":{"start":{"line":32,"column":4},"end":{"line":34,"column":5}},"type":"if","locations":[{"start":{"line":32,"column":4},"end":{"line":34,"column":5}},{"start":{},"end":{}}],"line":32},"5":{"loc":{"start":{"line":47,"column":8},"end":{"line":49,"column":9}},"type":"if","locations":[{"start":{"line":47,"column":8},"end":{"line":49,"column":9}},{"start":{},"end":{}}],"line":47},"6":{"loc":{"start":{"line":51,"column":8},"end":{"line":58,"column":9}},"type":"if","locations":[{"start":{"line":51,"column":8},"end":{"line":58,"column":9}},{"start":{"line":53,"column":15},"end":{"line":58,"column":9}}],"line":51},"7":{"loc":{"start":{"line":70,"column":8},"end":{"line":72,"column":9}},"type":"if","locations":[{"start":{"line":70,"column":8},"end":{"line":72,"column":9}},{"start":{},"end":{}}],"line":70},"8":{"loc":{"start":{"line":75,"column":8},"end":{"line":77,"column":9}},"type":"if","locations":[{"start":{"line":75,"column":8},"end":{"line":77,"column":9}},{"start":{},"end":{}}],"line":75},"9":{"loc":{"start":{"line":79,"column":8},"end":{"line":86,"column":9}},"type":"if","locations":[{"start":{"line":79,"column":8},"end":{"line":86,"column":9}},{"start":{"line":81,"column":13},"end":{"line":86,"column":9}}],"line":79},"10":{"loc":{"start":{"line":79,"column":11},"end":{"line":79,"column":68}},"type":"binary-expr","locations":[{"start":{"line":79,"column":11},"end":{"line":79,"column":23}},{"start":{"line":79,"column":27},"end":{"line":79,"column":68}}],"line":79},"11":{"loc":{"start":{"line":94,"column":8},"end":{"line":96,"column":9}},"type":"if","locations":[{"start":{"line":94,"column":8},"end":{"line":96,"column":9}},{"start":{},"end":{}}],"line":94},"12":{"loc":{"start":{"line":101,"column":8},"end":{"line":103,"column":9}},"type":"if","locations":[{"start":{"line":101,"column":8},"end":{"line":103,"column":9}},{"start":{},"end":{}}],"line":101},"13":{"loc":{"start":{"line":107,"column":8},"end":{"line":109,"column":9}},"type":"if","locations":[{"start":{"line":107,"column":8},"end":{"line":109,"column":9}},{"start":{},"end":{}}],"line":107},"14":{"loc":{"start":{"line":119,"column":8},"end":{"line":121,"column":9}},"type":"if","locations":[{"start":{"line":119,"column":8},"end":{"line":121,"column":9}},{"start":{},"end":{}}],"line":119},"15":{"loc":{"start":{"line":126,"column":8},"end":{"line":128,"column":9}},"type":"if","locations":[{"start":{"line":126,"column":8},"end":{"line":128,"column":9}},{"start":{},"end":{}}],"line":126},"16":{"loc":{"start":{"line":131,"column":8},"end":{"line":135,"column":9}},"type":"if","locations":[{"start":{"line":131,"column":8},"end":{"line":135,"column":9}},{"start":{},"end":{}}],"line":131},"17":{"loc":{"start":{"line":154,"column":12},"end":{"line":156,"column":13}},"type":"if","locations":[{"start":{"line":154,"column":12},"end":{"line":156,"column":13}},{"start":{},"end":{}}],"line":154}},"s":{"0":1,"1":1,"2":1,"3":1,"4":1,"5":1,"6":1,"7":1,"8":1,"9":1,"10":2,"11":2,"12":1,"13":1,"14":1,"15":0,"16":0,"17":0,"18":0,"19":0,"20":0,"21":0,"22":2,"23":0,"24":0,"25":0,"26":0,"27":0,"28":0,"29":0,"30":0,"31":0,"32":0,"33":2,"34":0,"35":0,"36":0,"37":0,"38":0,"39":0,"40":0,"41":0,"42":0,"43":0,"44":0,"45":0,"46":0,"47":0,"48":2,"49":0,"50":0,"51":0,"52":0,"53":0,"54":0,"55":0,"56":0,"57":0,"58":0,"59":0,"60":2,"61":0,"62":0,"63":0,"64":0,"65":0,"66":0,"67":0,"68":0,"69":0,"70":0,"71":0,"72":0,"73":0,"74":0,"75":0,"76":2,"77":0,"78":0,"79":0,"80":0,"81":0,"82":0,"83":0,"84":0,"85":0,"86":1,"87":1,"88":0,"89":0,"90":0,"91":0,"92":0,"93":0,"94":1,"95":1,"96":1,"97":1},"f":{"0":2,"1":1,"2":0,"3":0,"4":0,"5":0,"6":0,"7":1,"8":0,"9":1},"b":{"0":[1,0],"1":[1,0],"2":[0,0],"3":[0,0],"4":[0,0],"5":[0,0],"6":[0,0],"7":[0,0],"8":[0,0],"9":[0,0],"10":[0,0],"11":[0,0],"12":[0,0],"13":[0,0],"14":[0,0],"15":[0,0],"16":[0,0],"17":[0,0]},"_coverageSchema":"1a1c01bbd47fc00a2c39e90264f33305004495a9","hash":"c3048edff6cb36987d4fa6c3bbdc5830445635ec"}
,"D:\\Library\\Controllers\\QueryOperations.js": {"path":"D:\\Library\\Controllers\\QueryOperations.js","statementMap":{"0":{"start":{"line":2,"column":0},"end":{"line":2,"column":62}},"1":{"start":{"line":5,"column":8},"end":{"line":8,"column":9}},"2":{"start":{"line":6,"column":33},"end":{"line":6,"column":108}},"3":{"start":{"line":6,"column":56},"end":{"line":6,"column":106}},"4":{"start":{"line":7,"column":12},"end":{"line":7,"column":42}},"5":{"start":{"line":9,"column":8},"end":{"line":9,"column":21}},"6":{"start":{"line":14,"column":8},"end":{"line":14,"column":40}},"7":{"start":{"line":17,"column":8},"end":{"line":17,"column":34}},"8":{"start":{"line":20,"column":0},"end":{"line":20,"column":31}}},"fnMap":{"0":{"name":"(anonymous_0)","decl":{"start":{"line":4,"column":4},"end":{"line":4,"column":5}},"loc":{"start":{"line":4,"column":38},"end":{"line":10,"column":5}},"line":4},"1":{"name":"(anonymous_1)","decl":{"start":{"line":6,"column":44},"end":{"line":6,"column":45}},"loc":{"start":{"line":6,"column":56},"end":{"line":6,"column":106}},"line":6},"2":{"name":"(anonymous_2)","decl":{"start":{"line":13,"column":4},"end":{"line":13,"column":5}},"loc":{"start":{"line":13,"column":30},"end":{"line":15,"column":5}},"line":13},"3":{"name":"(anonymous_3)","decl":{"start":{"line":16,"column":4},"end":{"line":16,"column":5}},"loc":{"start":{"line":16,"column":24},"end":{"line":18,"column":5}},"line":16}},"branchMap":{"0":{"loc":{"start":{"line":5,"column":8},"end":{"line":8,"column":9}},"type":"if","locations":[{"start":{"line":5,"column":8},"end":{"line":8,"column":9}},{"start":{},"end":{}}],"line":5},"1":{"loc":{"start":{"line":5,"column":12},"end":{"line":5,"column":39}},"type":"binary-expr","locations":[{"start":{"line":5,"column":12},"end":{"line":5,"column":18}},{"start":{"line":5,"column":22},"end":{"line":5,"column":39}}],"line":5}},"s":{"0":1,"1":0,"2":0,"3":0,"4":0,"5":0,"6":0,"7":0,"8":1},"f":{"0":0,"1":0,"2":0,"3":0},"b":{"0":[0,0],"1":[0,0]},"_coverageSchema":"1a1c01bbd47fc00a2c39e90264f33305004495a9","hash":"e5244f8053ec687ffff3a200b3f4ca85aa9c7080"}
,"D:\\Library\\Controllers\\UserController.js": {"path":"D:\\Library\\Controllers\\UserController.js","statementMap":{"0":{"start":{"line":1,"column":15},"end":{"line":1,"column":47}},"1":{"start":{"line":2,"column":18},"end":{"line":2,"column":51}},"2":{"start":{"line":3,"column":23},"end":{"line":3,"column":59}},"3":{"start":{"line":4,"column":15},"end":{"line":4,"column":32}},"4":{"start":{"line":5,"column":19},"end":{"line":5,"column":51}},"5":{"start":{"line":6,"column":19},"end":{"line":6,"column":21}},"6":{"start":{"line":7,"column":13},"end":{"line":7,"column":43}},"7":{"start":{"line":11,"column":23},"end":{"line":23,"column":3}},"8":{"start":{"line":12,"column":19},"end":{"line":12,"column":61}},"9":{"start":{"line":13,"column":68},"end":{"line":13,"column":76}},"10":{"start":{"line":15,"column":22},"end":{"line":15,"column":104}},"11":{"start":{"line":16,"column":19},"end":{"line":16,"column":36}},"12":{"start":{"line":18,"column":6},"end":{"line":18,"column":31}},"13":{"start":{"line":20,"column":6},"end":{"line":20,"column":36}},"14":{"start":{"line":25,"column":26},"end":{"line":34,"column":4}},"15":{"start":{"line":26,"column":21},"end":{"line":26,"column":44}},"16":{"start":{"line":27,"column":19},"end":{"line":27,"column":46}},"17":{"start":{"line":29,"column":6},"end":{"line":31,"column":7}},"18":{"start":{"line":30,"column":8},"end":{"line":30,"column":65}},"19":{"start":{"line":32,"column":6},"end":{"line":32,"column":33}},"20":{"start":{"line":36,"column":22},"end":{"line":57,"column":4}},"21":{"start":{"line":37,"column":27},"end":{"line":37,"column":36}},"22":{"start":{"line":38,"column":18},"end":{"line":38,"column":48}},"23":{"start":{"line":39,"column":22},"end":{"line":39,"column":56}},"24":{"start":{"line":40,"column":28},"end":{"line":40,"column":48}},"25":{"start":{"line":42,"column":21},"end":{"line":42,"column":32}},"26":{"start":{"line":44,"column":4},"end":{"line":46,"column":5}},"27":{"start":{"line":45,"column":6},"end":{"line":45,"column":101}},"28":{"start":{"line":48,"column":31},"end":{"line":48,"column":104}},"29":{"start":{"line":49,"column":18},"end":{"line":49,"column":49}},"30":{"start":{"line":51,"column":4},"end":{"line":53,"column":5}},"31":{"start":{"line":52,"column":8},"end":{"line":52,"column":68}},"32":{"start":{"line":55,"column":4},"end":{"line":55,"column":32}},"33":{"start":{"line":59,"column":21},"end":{"line":88,"column":4}},"34":{"start":{"line":60,"column":19},"end":{"line":60,"column":42}},"35":{"start":{"line":62,"column":5},"end":{"line":64,"column":29}},"36":{"start":{"line":63,"column":17},"end":{"line":63,"column":59}},"37":{"start":{"line":64,"column":4},"end":{"line":64,"column":28}},"38":{"start":{"line":66,"column":5},"end":{"line":66,"column":72}},"39":{"start":{"line":66,"column":26},"end":{"line":66,"column":72}},"40":{"start":{"line":69,"column":17},"end":{"line":80,"column":7}},"41":{"start":{"line":82,"column":4},"end":{"line":84,"column":7}},"42":{"start":{"line":83,"column":8},"end":{"line":83,"column":65}},"43":{"start":{"line":86,"column":6},"end":{"line":86,"column":33}},"44":{"start":{"line":90,"column":18},"end":{"line":100,"column":4}},"45":{"start":{"line":91,"column":19},"end":{"line":91,"column":42}},"46":{"start":{"line":93,"column":17},"end":{"line":93,"column":53}},"47":{"start":{"line":94,"column":4},"end":{"line":96,"column":5}},"48":{"start":{"line":95,"column":8},"end":{"line":95,"column":66}},"49":{"start":{"line":98,"column":4},"end":{"line":98,"column":31}},"50":{"start":{"line":103,"column":0},"end":{"line":103,"column":32}}},"fnMap":{"0":{"name":"(anonymous_0)","decl":{"start":{"line":11,"column":34},"end":{"line":11,"column":35}},"loc":{"start":{"line":11,"column":59},"end":{"line":22,"column":11}},"line":11},"1":{"name":"(anonymous_1)","decl":{"start":{"line":25,"column":37},"end":{"line":25,"column":38}},"loc":{"start":{"line":25,"column":63},"end":{"line":34,"column":3}},"line":25},"2":{"name":"(anonymous_2)","decl":{"start":{"line":36,"column":33},"end":{"line":36,"column":34}},"loc":{"start":{"line":36,"column":55},"end":{"line":57,"column":3}},"line":36},"3":{"name":"(anonymous_3)","decl":{"start":{"line":59,"column":32},"end":{"line":59,"column":33}},"loc":{"start":{"line":59,"column":54},"end":{"line":88,"column":3}},"line":59},"4":{"name":"(anonymous_4)","decl":{"start":{"line":90,"column":29},"end":{"line":90,"column":30}},"loc":{"start":{"line":90,"column":51},"end":{"line":100,"column":3}},"line":90}},"branchMap":{"0":{"loc":{"start":{"line":29,"column":6},"end":{"line":31,"column":7}},"type":"if","locations":[{"start":{"line":29,"column":6},"end":{"line":31,"column":7}},{"start":{},"end":{}}],"line":29},"1":{"loc":{"start":{"line":38,"column":18},"end":{"line":38,"column":48}},"type":"binary-expr","locations":[{"start":{"line":38,"column":18},"end":{"line":38,"column":43}},{"start":{"line":38,"column":47},"end":{"line":38,"column":48}}],"line":38},"2":{"loc":{"start":{"line":39,"column":22},"end":{"line":39,"column":56}},"type":"binary-expr","locations":[{"start":{"line":39,"column":22},"end":{"line":39,"column":41}},{"start":{"line":39,"column":45},"end":{"line":39,"column":56}}],"line":39},"3":{"loc":{"start":{"line":44,"column":4},"end":{"line":46,"column":5}},"type":"if","locations":[{"start":{"line":44,"column":4},"end":{"line":46,"column":5}},{"start":{},"end":{}}],"line":44},"4":{"loc":{"start":{"line":51,"column":4},"end":{"line":53,"column":5}},"type":"if","locations":[{"start":{"line":51,"column":4},"end":{"line":53,"column":5}},{"start":{},"end":{}}],"line":51},"5":{"loc":{"start":{"line":62,"column":5},"end":{"line":64,"column":29}},"type":"if","locations":[{"start":{"line":62,"column":5},"end":{"line":64,"column":29}},{"start":{},"end":{}}],"line":62},"6":{"loc":{"start":{"line":66,"column":5},"end":{"line":66,"column":72}},"type":"if","locations":[{"start":{"line":66,"column":5},"end":{"line":66,"column":72}},{"start":{},"end":{}}],"line":66},"7":{"loc":{"start":{"line":82,"column":4},"end":{"line":84,"column":7}},"type":"if","locations":[{"start":{"line":82,"column":4},"end":{"line":84,"column":7}},{"start":{},"end":{}}],"line":82},"8":{"loc":{"start":{"line":94,"column":4},"end":{"line":96,"column":5}},"type":"if","locations":[{"start":{"line":94,"column":4},"end":{"line":96,"column":5}},{"start":{},"end":{}}],"line":94}},"s":{"0":1,"1":1,"2":1,"3":1,"4":1,"5":1,"6":1,"7":1,"8":1,"9":1,"10":1,"11":1,"12":1,"13":1,"14":1,"15":1,"16":1,"17":1,"18":0,"19":1,"20":1,"21":0,"22":0,"23":0,"24":0,"25":0,"26":0,"27":0,"28":0,"29":0,"30":0,"31":0,"32":0,"33":1,"34":0,"35":0,"36":0,"37":0,"38":0,"39":0,"40":0,"41":0,"42":0,"43":0,"44":1,"45":0,"46":0,"47":0,"48":0,"49":0,"50":1},"f":{"0":1,"1":1,"2":0,"3":0,"4":0},"b":{"0":[0,1],"1":[0,0],"2":[0,0],"3":[0,0],"4":[0,0],"5":[0,0],"6":[0,0],"7":[0,0],"8":[0,0]},"_coverageSchema":"1a1c01bbd47fc00a2c39e90264f33305004495a9","hash":"8e8bcfc742c73ff75fccce890553fe848dbd1127"}
,"D:\\Library\\Core\\Validations\\Book.js": {"path":"D:\\Library\\Core\\Validations\\Book.js","statementMap":{"0":{"start":{"line":1,"column":16},"end":{"line":1,"column":44}},"1":{"start":{"line":2,"column":13},"end":{"line":2,"column":48}},"2":{"start":{"line":3,"column":18},"end":{"line":3,"column":35}},"3":{"start":{"line":5,"column":0},"end":{"line":33,"column":2}},"4":{"start":{"line":12,"column":6},"end":{"line":16,"column":7}},"5":{"start":{"line":13,"column":9},"end":{"line":15,"column":9}},"6":{"start":{"line":14,"column":10},"end":{"line":14,"column":64}},"7":{"start":{"line":22,"column":38},"end":{"line":22,"column":46}},"8":{"start":{"line":23,"column":26},"end":{"line":23,"column":56}},"9":{"start":{"line":24,"column":25},"end":{"line":24,"column":77}},"10":{"start":{"line":26,"column":4},"end":{"line":28,"column":5}},"11":{"start":{"line":27,"column":6},"end":{"line":27,"column":73}},"12":{"start":{"line":30,"column":4},"end":{"line":30,"column":16}},"13":{"start":{"line":35,"column":0},"end":{"line":43,"column":4}}},"fnMap":{"0":{"name":"(anonymous_0)","decl":{"start":{"line":11,"column":10},"end":{"line":11,"column":11}},"loc":{"start":{"line":11,"column":36},"end":{"line":17,"column":3}},"line":11},"1":{"name":"(anonymous_1)","decl":{"start":{"line":21,"column":10},"end":{"line":21,"column":11}},"loc":{"start":{"line":21,"column":36},"end":{"line":31,"column":3}},"line":21}},"branchMap":{"0":{"loc":{"start":{"line":12,"column":6},"end":{"line":16,"column":7}},"type":"if","locations":[{"start":{"line":12,"column":6},"end":{"line":16,"column":7}},{"start":{},"end":{}}],"line":12},"1":{"loc":{"start":{"line":13,"column":9},"end":{"line":15,"column":9}},"type":"if","locations":[{"start":{"line":13,"column":9},"end":{"line":15,"column":9}},{"start":{},"end":{}}],"line":13},"2":{"loc":{"start":{"line":26,"column":4},"end":{"line":28,"column":5}},"type":"if","locations":[{"start":{"line":26,"column":4},"end":{"line":28,"column":5}},{"start":{},"end":{}}],"line":26}},"s":{"0":1,"1":1,"2":1,"3":1,"4":0,"5":0,"6":0,"7":0,"8":0,"9":0,"10":0,"11":0,"12":0,"13":1},"f":{"0":0,"1":0},"b":{"0":[0,0],"1":[0,0],"2":[0,0]},"_coverageSchema":"1a1c01bbd47fc00a2c39e90264f33305004495a9","hash":"2bb325e8a1c889b89071e837b215c62429ea7224"}
,"D:\\Library\\Core\\Validations\\Borrower.js": {"path":"D:\\Library\\Core\\Validations\\Borrower.js","statementMap":{"0":{"start":{"line":1,"column":16},"end":{"line":1,"column":44}},"1":{"start":{"line":2,"column":19},"end":{"line":2,"column":54}},"2":{"start":{"line":4,"column":0},"end":{"line":26,"column":2}},"3":{"start":{"line":10,"column":4},"end":{"line":15,"column":5}},"4":{"start":{"line":11,"column":17},"end":{"line":11,"column":59}},"5":{"start":{"line":12,"column":6},"end":{"line":14,"column":7}},"6":{"start":{"line":13,"column":8},"end":{"line":13,"column":75}},"7":{"start":{"line":19,"column":8},"end":{"line":24,"column":9}},"8":{"start":{"line":20,"column":21},"end":{"line":20,"column":69}},"9":{"start":{"line":21,"column":10},"end":{"line":23,"column":11}},"10":{"start":{"line":22,"column":12},"end":{"line":22,"column":77}},"11":{"start":{"line":28,"column":0},"end":{"line":42,"column":4}},"12":{"start":{"line":35,"column":19},"end":{"line":35,"column":70}},"13":{"start":{"line":36,"column":8},"end":{"line":38,"column":9}},"14":{"start":{"line":37,"column":10},"end":{"line":37,"column":77}}},"fnMap":{"0":{"name":"(anonymous_0)","decl":{"start":{"line":9,"column":10},"end":{"line":9,"column":11}},"loc":{"start":{"line":9,"column":27},"end":{"line":16,"column":5}},"line":9},"1":{"name":"(anonymous_1)","decl":{"start":{"line":18,"column":99},"end":{"line":18,"column":100}},"loc":{"start":{"line":18,"column":116},"end":{"line":25,"column":9}},"line":18},"2":{"name":"(anonymous_2)","decl":{"start":{"line":33,"column":12},"end":{"line":33,"column":13}},"loc":{"start":{"line":33,"column":29},"end":{"line":39,"column":7}},"line":33}},"branchMap":{"0":{"loc":{"start":{"line":10,"column":4},"end":{"line":15,"column":5}},"type":"if","locations":[{"start":{"line":10,"column":4},"end":{"line":15,"column":5}},{"start":{},"end":{}}],"line":10},"1":{"loc":{"start":{"line":12,"column":6},"end":{"line":14,"column":7}},"type":"if","locations":[{"start":{"line":12,"column":6},"end":{"line":14,"column":7}},{"start":{},"end":{}}],"line":12},"2":{"loc":{"start":{"line":19,"column":8},"end":{"line":24,"column":9}},"type":"if","locations":[{"start":{"line":19,"column":8},"end":{"line":24,"column":9}},{"start":{},"end":{}}],"line":19},"3":{"loc":{"start":{"line":21,"column":10},"end":{"line":23,"column":11}},"type":"if","locations":[{"start":{"line":21,"column":10},"end":{"line":23,"column":11}},{"start":{},"end":{}}],"line":21},"4":{"loc":{"start":{"line":36,"column":8},"end":{"line":38,"column":9}},"type":"if","locations":[{"start":{"line":36,"column":8},"end":{"line":38,"column":9}},{"start":{},"end":{}}],"line":36}},"s":{"0":1,"1":1,"2":1,"3":0,"4":0,"5":0,"6":0,"7":0,"8":0,"9":0,"10":0,"11":1,"12":0,"13":0,"14":0},"f":{"0":0,"1":0,"2":0},"b":{"0":[0,0],"1":[0,0],"2":[0,0],"3":[0,0],"4":[0,0]},"_coverageSchema":"1a1c01bbd47fc00a2c39e90264f33305004495a9","hash":"1cce58eb9a774a4cd4f370c0f979e068b620fea2"}
,"D:\\Library\\Core\\Validations\\Operation.js": {"path":"D:\\Library\\Core\\Validations\\Operation.js","statementMap":{"0":{"start":{"line":1,"column":22},"end":{"line":1,"column":50}},"1":{"start":{"line":2,"column":15},"end":{"line":2,"column":32}},"2":{"start":{"line":4,"column":0},"end":{"line":16,"column":2}},"3":{"start":{"line":7,"column":28},"end":{"line":7,"column":36}},"4":{"start":{"line":8,"column":27},"end":{"line":8,"column":60}},"5":{"start":{"line":10,"column":5},"end":{"line":12,"column":9}},"6":{"start":{"line":11,"column":12},"end":{"line":11,"column":74}},"7":{"start":{"line":14,"column":8},"end":{"line":14,"column":20}}},"fnMap":{"0":{"name":"(anonymous_0)","decl":{"start":{"line":6,"column":27},"end":{"line":6,"column":28}},"loc":{"start":{"line":6,"column":38},"end":{"line":15,"column":7}},"line":6}},"branchMap":{"0":{"loc":{"start":{"line":10,"column":5},"end":{"line":12,"column":9}},"type":"if","locations":[{"start":{"line":10,"column":5},"end":{"line":12,"column":9}},{"start":{},"end":{}}],"line":10},"1":{"loc":{"start":{"line":10,"column":9},"end":{"line":10,"column":66}},"type":"binary-expr","locations":[{"start":{"line":10,"column":9},"end":{"line":10,"column":30}},{"start":{"line":10,"column":34},"end":{"line":10,"column":66}}],"line":10}},"s":{"0":1,"1":1,"2":1,"3":0,"4":0,"5":0,"6":0,"7":0},"f":{"0":0},"b":{"0":[0,0],"1":[0,0]},"_coverageSchema":"1a1c01bbd47fc00a2c39e90264f33305004495a9","hash":"7de4bbf68db028528ca23a9cee4d29b2bd697764"}
,"D:\\Library\\Core\\Validations\\User.js": {"path":"D:\\Library\\Core\\Validations\\User.js","statementMap":{"0":{"start":{"line":1,"column":16},"end":{"line":1,"column":44}},"1":{"start":{"line":2,"column":15},"end":{"line":2,"column":50}},"2":{"start":{"line":3,"column":19},"end":{"line":3,"column":50}},"3":{"start":{"line":5,"column":0},"end":{"line":26,"column":2}},"4":{"start":{"line":10,"column":19},"end":{"line":10,"column":55}},"5":{"start":{"line":11,"column":6},"end":{"line":13,"column":7}},"6":{"start":{"line":12,"column":8},"end":{"line":12,"column":54}},"7":{"start":{"line":17,"column":8},"end":{"line":22,"column":9}},"8":{"start":{"line":18,"column":21},"end":{"line":18,"column":65}},"9":{"start":{"line":19,"column":10},"end":{"line":21,"column":11}},"10":{"start":{"line":20,"column":12},"end":{"line":20,"column":77}},"11":{"start":{"line":28,"column":0},"end":{"line":52,"column":4}},"12":{"start":{"line":35,"column":19},"end":{"line":35,"column":56}},"13":{"start":{"line":36,"column":6},"end":{"line":38,"column":9}},"14":{"start":{"line":37,"column":10},"end":{"line":37,"column":77}},"15":{"start":{"line":42,"column":10},"end":{"line":47,"column":11}},"16":{"start":{"line":43,"column":23},"end":{"line":43,"column":67}},"17":{"start":{"line":44,"column":12},"end":{"line":46,"column":13}},"18":{"start":{"line":45,"column":14},"end":{"line":45,"column":79}}},"fnMap":{"0":{"name":"(anonymous_0)","decl":{"start":{"line":9,"column":12},"end":{"line":9,"column":13}},"loc":{"start":{"line":9,"column":29},"end":{"line":14,"column":5}},"line":9},"1":{"name":"(anonymous_1)","decl":{"start":{"line":16,"column":99},"end":{"line":16,"column":100}},"loc":{"start":{"line":16,"column":116},"end":{"line":23,"column":9}},"line":16},"2":{"name":"(anonymous_2)","decl":{"start":{"line":33,"column":12},"end":{"line":33,"column":13}},"loc":{"start":{"line":33,"column":29},"end":{"line":39,"column":7}},"line":33},"3":{"name":"(anonymous_3)","decl":{"start":{"line":41,"column":112},"end":{"line":41,"column":113}},"loc":{"start":{"line":41,"column":129},"end":{"line":48,"column":11}},"line":41}},"branchMap":{"0":{"loc":{"start":{"line":11,"column":6},"end":{"line":13,"column":7}},"type":"if","locations":[{"start":{"line":11,"column":6},"end":{"line":13,"column":7}},{"start":{},"end":{}}],"line":11},"1":{"loc":{"start":{"line":17,"column":8},"end":{"line":22,"column":9}},"type":"if","locations":[{"start":{"line":17,"column":8},"end":{"line":22,"column":9}},{"start":{},"end":{}}],"line":17},"2":{"loc":{"start":{"line":19,"column":10},"end":{"line":21,"column":11}},"type":"if","locations":[{"start":{"line":19,"column":10},"end":{"line":21,"column":11}},{"start":{},"end":{}}],"line":19},"3":{"loc":{"start":{"line":36,"column":6},"end":{"line":38,"column":9}},"type":"if","locations":[{"start":{"line":36,"column":6},"end":{"line":38,"column":9}},{"start":{},"end":{}}],"line":36},"4":{"loc":{"start":{"line":42,"column":10},"end":{"line":47,"column":11}},"type":"if","locations":[{"start":{"line":42,"column":10},"end":{"line":47,"column":11}},{"start":{},"end":{}}],"line":42},"5":{"loc":{"start":{"line":44,"column":12},"end":{"line":46,"column":13}},"type":"if","locations":[{"start":{"line":44,"column":12},"end":{"line":46,"column":13}},{"start":{},"end":{}}],"line":44}},"s":{"0":1,"1":1,"2":1,"3":1,"4":1,"5":1,"6":0,"7":1,"8":1,"9":1,"10":0,"11":1,"12":0,"13":0,"14":0,"15":0,"16":0,"17":0,"18":0},"f":{"0":1,"1":1,"2":0,"3":0},"b":{"0":[0,1],"1":[1,0],"2":[0,1],"3":[0,0],"4":[0,0],"5":[0,0]},"_coverageSchema":"1a1c01bbd47fc00a2c39e90264f33305004495a9","hash":"6e813b6a104bc7cd72403f20a234719ce189525e"}
,"D:\\Library\\Middlewares\\PhoneVerifactionMW.js": {"path":"D:\\Library\\Middlewares\\PhoneVerifactionMW.js","statementMap":{"0":{"start":{"line":1,"column":12},"end":{"line":1,"column":35}},"1":{"start":{"line":2,"column":22},"end":{"line":2,"column":37}},"2":{"start":{"line":3,"column":27},"end":{"line":3,"column":59}},"3":{"start":{"line":4,"column":19},"end":{"line":4,"column":51}},"4":{"start":{"line":5,"column":17},"end":{"line":5,"column":47}},"5":{"start":{"line":9,"column":4},"end":{"line":9,"column":23}},"6":{"start":{"line":12,"column":11},"end":{"line":31,"column":4}},"7":{"start":{"line":13,"column":18},"end":{"line":13,"column":57}},"8":{"start":{"line":14,"column":4},"end":{"line":16,"column":5}},"9":{"start":{"line":15,"column":6},"end":{"line":15,"column":87}},"10":{"start":{"line":19,"column":22},"end":{"line":19,"column":80}},"11":{"start":{"line":23,"column":19},"end":{"line":23,"column":56}},"12":{"start":{"line":25,"column":6},"end":{"line":27,"column":7}},"13":{"start":{"line":26,"column":8},"end":{"line":26,"column":105}},"14":{"start":{"line":29,"column":6},"end":{"line":29,"column":13}},"15":{"start":{"line":34,"column":23},"end":{"line":34,"column":43}},"16":{"start":{"line":35,"column":27},"end":{"line":35,"column":51}},"17":{"start":{"line":37,"column":0},"end":{"line":37,"column":56}}},"fnMap":{"0":{"name":"(anonymous_0)","decl":{"start":{"line":8,"column":2},"end":{"line":8,"column":3}},"loc":{"start":{"line":8,"column":21},"end":{"line":10,"column":3}},"line":8},"1":{"name":"(anonymous_1)","decl":{"start":{"line":12,"column":22},"end":{"line":12,"column":23}},"loc":{"start":{"line":12,"column":48},"end":{"line":31,"column":3}},"line":12}},"branchMap":{"0":{"loc":{"start":{"line":14,"column":4},"end":{"line":16,"column":5}},"type":"if","locations":[{"start":{"line":14,"column":4},"end":{"line":16,"column":5}},{"start":{},"end":{}}],"line":14},"1":{"loc":{"start":{"line":25,"column":6},"end":{"line":27,"column":7}},"type":"if","locations":[{"start":{"line":25,"column":6},"end":{"line":27,"column":7}},{"start":{},"end":{}}],"line":25},"2":{"loc":{"start":{"line":25,"column":10},"end":{"line":25,"column":36}},"type":"binary-expr","locations":[{"start":{"line":25,"column":10},"end":{"line":25,"column":15}},{"start":{"line":25,"column":19},"end":{"line":25,"column":36}}],"line":25}},"s":{"0":1,"1":1,"2":1,"3":1,"4":1,"5":2,"6":2,"7":1,"8":1,"9":0,"10":1,"11":1,"12":1,"13":1,"14":0,"15":1,"16":1,"17":1},"f":{"0":2,"1":1},"b":{"0":[0,1],"1":[1,0],"2":[1,1]},"_coverageSchema":"1a1c01bbd47fc00a2c39e90264f33305004495a9","hash":"e19b20fcc327d502ff1fd4f7a3c24d676d884722"}
[...]
,"D:\\Library\\Middlewares\\authorizationMW.js": {"path":"D:\\Library\\Middlewares\\authorizationMW.js","statementMap":{"0":{"start":{"line":1,"column":11},"end":{"line":1,"column":34}},"1":{"start":{"line":2,"column":22},"end":{"line":2,"column":37}},"2":{"start":{"line":5,"column":0},"end":{"line":26,"column":4}},"3":{"start":{"line":6,"column":4},"end":{"line":25,"column":6}},"4":{"start":{"line":8,"column":8},"end":{"line":10,"column":9}},"5":{"start":{"line":9,"column":11},"end":{"line":9,"column":59}},"6":{"start":{"line":11,"column":8},"end":{"line":13,"column":9}},"7":{"start":{"line":12,"column":11},"end":{"line":12,"column":91}},"8":{"start":{"line":15,"column":23},"end":{"line":15,"column":80}},"9":{"start":{"line":17,"column":25},"end":{"line":17,"column":37}},"10":{"start":{"line":19,"column":8},"end":{"line":21,"column":3}},"11":{"start":{"line":20,"column":4},"end":{"line":20,"column":61}},"12":{"start":{"line":24,"column":6},"end":{"line":24,"column":13}}},"fnMap":{"0":{"name":"(anonymous_0)","decl":{"start":{"line":5,"column":20},"end":{"line":5,"column":21}},"loc":{"start":{"line":5,"column":31},"end":{"line":26,"column":3}},"line":5},"1":{"name":"(anonymous_1)","decl":{"start":{"line":6,"column":11},"end":{"line":6,"column":12}},"loc":{"start":{"line":6,"column":37},"end":{"line":25,"column":5}},"line":6}},"branchMap":{"0":{"loc":{"start":{"line":8,"column":8},"end":{"line":10,"column":9}},"type":"if","locations":[{"start":{"line":8,"column":8},"end":{"line":10,"column":9}},{"start":{},"end":{}}],"line":8},"1":{"loc":{"start":{"line":8,"column":11},"end":{"line":8,"column":86}},"type":"binary-expr","locations":[{"start":{"line":8,"column":11},"end":{"line":8,"column":36}},{"start":{"line":8,"column":40},"end":{"line":8,"column":86}}],"line":8},"2":{"loc":{"start":{"line":11,"column":8},"end":{"line":13,"column":9}},"type":"if","locations":[{"start":{"line":11,"column":8},"end":{"line":13,"column":9}},{"start":{},"end":{}}],"line":11},"3":{"loc":{"start":{"line":19,"column":8},"end":{"line":21,"column":3}},"type":"if","locations":[{"start":{"line":19,"column":8},"end":{"line":21,"column":3}},{"start":{},"end":{}}],"line":19}},"s":{"0":1,"1":1,"2":1,"3":9,"4":0,"5":0,"6":0,"7":0,"8":0,"9":0,"10":0,"11":0,"12":0},"f":{"0":9,"1":0},"b":{"0":[0,0],"1":[0,0],"2":[0,0],"3":[0,0]},"_coverageSchema":"1a1c01bbd47fc00a2c39e90264f33305004495a9","hash":"a22684eac770dbedcb2b1bb678efe0b319ffb95a"}
,"D:\\Library\\Middlewares\\rateLimitMW.js": {"path":"D:\\Library\\Middlewares\\rateLimitMW.js","statementMap":{"0":{"start":{"line":1,"column":22},"end":{"line":1,"column":24}},"1":{"start":{"line":3,"column":0},"end":{"line":25,"column":1}},"2":{"start":{"line":4,"column":19},"end":{"line":4,"column":34}},"3":{"start":{"line":5,"column":19},"end":{"line":5,"column":25}},"4":{"start":{"line":7,"column":14},"end":{"line":7,"column":39}},"5":{"start":{"line":9,"column":2},"end":{"line":11,"column":3}},"6":{"start":{"line":10,"column":4},"end":{"line":10,"column":27}},"7":{"start":{"line":13,"column":2},"end":{"line":13,"column":23}},"8":{"start":{"line":15,"column":2},"end":{"line":17,"column":3}},"9":{"start":{"line":16,"column":4},"end":{"line":16,"column":93}},"10":{"start":{"line":20,"column":2},"end":{"line":22,"column":12}},"11":{"start":{"line":21,"column":4},"end":{"line":21,"column":27}},"12":{"start":{"line":24,"column":2},"end":{"line":24,"column":9}}},"fnMap":{"0":{"name":"(anonymous_0)","decl":{"start":{"line":3,"column":20},"end":{"line":3,"column":21}},"loc":{"start":{"line":3,"column":45},"end":{"line":25,"column":1}},"line":3},"1":{"name":"(anonymous_1)","decl":{"start":{"line":20,"column":13},"end":{"line":20,"column":14}},"loc":{"start":{"line":20,"column":19},"end":{"line":22,"column":3}},"line":20}},"branchMap":{"0":{"loc":{"start":{"line":9,"column":2},"end":{"line":11,"column":3}},"type":"if","locations":[{"start":{"line":9,"column":2},"end":{"line":11,"column":3}},{"start":{},"end":{}}],"line":9},"1":{"loc":{"start":{"line":15,"column":2},"end":{"line":17,"column":3}},"type":"if","locations":[{"start":{"line":15,"column":2},"end":{"line":17,"column":3}},{"start":{},"end":{}}],"line":15}},"s":{"0":1,"1":1,"2":2,"3":2,"4":2,"5":2,"6":2,"7":2,"8":2,"9":0,"10":2,"11":0,"12":2},"f":{"0":2,"1":0},"b":{"0":[2,0],"1":[0,2]},"_coverageSchema":"1a1c01bbd47fc00a2c39e90264f33305004495a9","hash":"381b8205bb909e5fcdcd9d337a0abc9e7c62ecfc"}
,"D:\\Library\\Middlewares\\validateMW.js": {"path":"D:\\Library\\Middlewares\\validateMW.js","statementMap":{"0":{"start":{"line":1,"column":29},"end":{"line":1,"column":57}},"1":{"start":{"line":2,"column":0},"end":{"line":9,"column":2}},"2":{"start":{"line":3,"column":19},"end":{"line":3,"column":40}},"3":{"start":{"line":4,"column":4},"end":{"line":7,"column":5}},"4":{"start":{"line":5,"column":28},"end":{"line":5,"column":86}},"5":{"start":{"line":5,"column":56},"end":{"line":5,"column":85}},"6":{"start":{"line":6,"column":6},"end":{"line":6,"column":61}},"7":{"start":{"line":8,"column":4},"end":{"line":8,"column":11}}},"fnMap":{"0":{"name":"(anonymous_0)","decl":{"start":{"line":2,"column":18},"end":{"line":2,"column":19}},"loc":{"start":{"line":2,"column":38},"end":{"line":9,"column":1}},"line":2},"1":{"name":"(anonymous_1)","decl":{"start":{"line":5,"column":47},"end":{"line":5,"column":48}},"loc":{"start":{"line":5,"column":56},"end":{"line":5,"column":85}},"line":5}},"branchMap":{"0":{"loc":{"start":{"line":4,"column":4},"end":{"line":7,"column":5}},"type":"if","locations":[{"start":{"line":4,"column":4},"end":{"line":7,"column":5}},{"start":{},"end":{}}],"line":4}},"s":{"0":1,"1":1,"2":1,"3":1,"4":0,"5":0,"6":0,"7":1},"f":{"0":1,"1":0},"b":{"0":[0,1]},"_coverageSchema":"1a1c01bbd47fc00a2c39e90264f33305004495a9","hash":"3e34e2779f07b41aa247e04386b0c58685ee579b"}
,"D:\\Library\\Models\\BookModel.js": {"path":"D:\\Library\\Models\\BookModel.js","statementMap":{"0":{"start":{"line":1,"column":26},"end":{"line":1,"column":45}},"1":{"start":{"line":3,"column":19},"end":{"line":32,"column":24}},"2":{"start":{"line":35,"column":13},"end":{"line":35,"column":38}},"3":{"start":{"line":37,"column":0},"end":{"line":37,"column":22}}},"fnMap":{},"branchMap":{},"s":{"0":1,"1":1,"2":1,"3":1},"f":{},"b":{},"_coverageSchema":"1a1c01bbd47fc00a2c39e90264f33305004495a9","hash":"fbbc2fc544b65ab97b939c4943f5cbfad9cdaf42"}
,"D:\\Library\\Models\\BorrowingModel.js": {"path":"D:\\Library\\Models\\BorrowingModel.js","statementMap":{"0":{"start":{"line":1,"column":26},"end":{"line":1,"column":45}},"1":{"start":{"line":3,"column":28},"end":{"line":26,"column":24}},"2":{"start":{"line":28,"column":23},"end":{"line":28,"column":62}},"3":{"start":{"line":30,"column":0},"end":{"line":30,"column":32}}},"fnMap":{},"branchMap":{},"s":{"0":1,"1":1,"2":1,"3":1},"f":{},"b":{},"_coverageSchema":"1a1c01bbd47fc00a2c39e90264f33305004495a9","hash":"b909aea9a4c4566875b5a33b932577ef330b0717"}
,"D:\\Library\\Models\\UserModel.js": {"path":"D:\\Library\\Models\\UserModel.js","statementMap":{"0":{"start":{"line":1,"column":35},"end":{"line":1,"column":54}},"1":{"start":{"line":2,"column":22},"end":{"line":2,"column":60}},"2":{"start":{"line":3,"column":15},"end":{"line":3,"column":32}},"3":{"start":{"line":5,"column":22},"end":{"line":8,"column":1}},"4":{"start":{"line":6,"column":16},"end":{"line":6,"column":61}},"5":{"start":{"line":7,"column":2},"end":{"line":7,"column":27}},"6":{"start":{"line":10,"column":19},"end":{"line":23,"column":21}},"7":{"start":{"line":26,"column":0},"end":{"line":29,"column":2}},"8":{"start":{"line":28,"column":2},"end":{"line":28,"column":63}},"9":{"start":{"line":31,"column":0},"end":{"line":31,"column":67}},"10":{"start":{"line":36,"column":19},"end":{"line":46,"column":2}},"11":{"start":{"line":47,"column":0},"end":{"line":47,"column":27}},"12":{"start":{"line":49,"column":23},"end":{"line":58,"column":2}},"13":{"start":{"line":59,"column":0},"end":{"line":59,"column":31}},"14":{"start":{"line":62,"column":13},"end":{"line":62,"column":38}},"15":{"start":{"line":63,"column":17},"end":{"line":63,"column":50}},"16":{"start":{"line":65,"column":0},"end":{"line":65,"column":36}}},"fnMap":{"0":{"name":"(anonymous_0)","decl":{"start":{"line":5,"column":22},"end":{"line":5,"column":23}},"loc":{"start":{"line":5,"column":39},"end":{"line":8,"column":1}},"line":5},"1":{"name":"(anonymous_1)","decl":{"start":{"line":26,"column":37},"end":{"line":26,"column":38}},"loc":{"start":{"line":27,"column":35},"end":{"line":29,"column":1}},"line":27}},"branchMap":{},"s":{"0":1,"1":1,"2":1,"3":1,"4":0,"5":0,"6":1,"7":1,"8":0,"9":1,"10":1,"11":1,"12":1,"13":1,"14":1,"15":1,"16":1},"f":{"0":0,"1":0},"b":{},"_coverageSchema":"1a1c01bbd47fc00a2c39e90264f33305004495a9","hash":"9ed4e316190b09f3ac1aea5c6835741d0581d467"}
,"D:\\Library\\Routes\\BookRoute.js": {"path":"D:\\Library\\Routes\\BookRoute.js","statementMap":{"0":{"start":{"line":1,"column":14},"end":{"line":1,"column":32}},"1":{"start":{"line":2,"column":13},"end":{"line":2,"column":29}},"2":{"start":{"line":3,"column":15},"end":{"line":3,"column":32}},"3":{"start":{"line":4,"column":15},"end":{"line":4,"column":23}},"4":{"start":{"line":6,"column":21},"end":{"line":6,"column":63}},"5":{"start":{"line":7,"column":23},"end":{"line":7,"column":60}},"6":{"start":{"line":8,"column":21},"end":{"line":8,"column":59}},"7":{"start":{"line":9,"column":13},"end":{"line":9,"column":62}},"8":{"start":{"line":10,"column":18},"end":{"line":10,"column":71}},"9":{"start":{"line":11,"column":16},"end":{"line":11,"column":55}},"10":{"start":{"line":12,"column":19},"end":{"line":12,"column":87}},"11":{"start":{"line":15,"column":0},"end":{"line":17,"column":56}},"12":{"start":{"line":19,"column":0},"end":{"line":22,"column":37}},"13":{"start":{"line":26,"column":0},"end":{"line":26,"column":22}}},"fnMap":{},"branchMap":{},"s":{"0":1,"1":1,"2":1,"3":1,"4":1,"5":1,"6":1,"7":1,"8":1,"9":1,"10":1,"11":1,"12":1,"13":1},"f":{},"b":{},"_coverageSchema":"1a1c01bbd47fc00a2c39e90264f33305004495a9","hash":"3b44d12507ff89c3cb037e24fb9c52eaf1341455"}
,"D:\\Library\\Routes\\BorrowerRoute.js": {"path":"D:\\Library\\Routes\\BorrowerRoute.js","statementMap":{"0":{"start":{"line":1,"column":14},"end":{"line":1,"column":32}},"1":{"start":{"line":2,"column":13},"end":{"line":2,"column":29}},"2":{"start":{"line":3,"column":15},"end":{"line":3,"column":32}},"3":{"start":{"line":4,"column":15},"end":{"line":4,"column":23}},"4":{"start":{"line":6,"column":25},"end":{"line":6,"column":79}},"5":{"start":{"line":7,"column":23},"end":{"line":7,"column":64}},"6":{"start":{"line":8,"column":21},"end":{"line":8,"column":59}},"7":{"start":{"line":9,"column":13},"end":{"line":9,"column":62}},"8":{"start":{"line":10,"column":18},"end":{"line":10,"column":71}},"9":{"start":{"line":11,"column":16},"end":{"line":11,"column":55}},"10":{"start":{"line":12,"column":19},"end":{"line":12,"column":91}},"11":{"start":{"line":15,"column":0},"end":{"line":16,"column":101}},"12":{"start":{"line":18,"column":0},"end":{"line":22,"column":104}},"13":{"start":{"line":24,"column":0},"end":{"line":24,"column":22}}},"fnMap":{},"branchMap":{},"s":{"0":1,"1":1,"2":1,"3":1,"4":1,"5":1,"6":1,"7":1,"8":1,"9":1,"10":1,"11":1,"12":1,"13":1},"f":{},"b":{},"_coverageSchema":"1a1c01bbd47fc00a2c39e90264f33305004495a9","hash":"aae1c22d989776359ece972208f0855058dfdec6"}
,"D:\\Library\\Routes\\BorrowingRoute.js": {"path":"D:\\Library\\Routes\\BorrowingRoute.js","statementMap":{"0":{"start":{"line":1,"column":14},"end":{"line":1,"column":32}},"1":{"start":{"line":2,"column":13},"end":{"line":2,"column":29}},"2":{"start":{"line":3,"column":15},"end":{"line":3,"column":32}},"3":{"start":{"line":4,"column":15},"end":{"line":4,"column":23}},"4":{"start":{"line":6,"column":27},"end":{"line":6,"column":80}},"5":{"start":{"line":7,"column":23},"end":{"line":7,"column":63}},"6":{"start":{"line":8,"column":21},"end":{"line":8,"column":57}},"7":{"start":{"line":9,"column":13},"end":{"line":9,"column":60}},"8":{"start":{"line":10,"column":18},"end":{"line":10,"column":69}},"9":{"start":{"line":11,"column":16},"end":{"line":11,"column":53}},"10":{"start":{"line":12,"column":27},"end":{"line":12,"column":99}},"11":{"start":{"line":13,"column":23},"end":{"line":13,"column":91}},"12":{"start":{"line":16,"column":0},"end":{"line":19,"column":91}},"13":{"start":{"line":21,"column":0},"end":{"line":21,"column":22}}},"fnMap":{},"branchMap":{},"s":{"0":1,"1":1,"2":1,"3":1,"4":1,"5":1,"6":1,"7":1,"8":1,"9":1,"10":1,"11":1,"12":1,"13":1},"f":{},"b":{},"_coverageSchema":"1a1c01bbd47fc00a2c39e90264f33305004495a9","hash":"9703408f120bc8c74e66c9027aa2a166b3e9d4b6"}
,"D:\\Library\\Routes\\LoginRoute.js": {"path":"D:\\Library\\Routes\\LoginRoute.js","statementMap":{"0":{"start":{"line":1,"column":14},"end":{"line":1,"column":32}},"1":{"start":{"line":2,"column":13},"end":{"line":2,"column":29}},"2":{"start":{"line":3,"column":15},"end":{"line":3,"column":32}},"3":{"start":{"line":4,"column":15},"end":{"line":4,"column":23}},"4":{"start":{"line":6,"column":32},"end":{"line":6,"column":75}},"5":{"start":{"line":7,"column":23},"end":{"line":7,"column":64}},"6":{"start":{"line":8,"column":21},"end":{"line":8,"column":59}},"7":{"start":{"line":9,"column":13},"end":{"line":9,"column":62}},"8":{"start":{"line":12,"column":0},"end":{"line":13,"column":94}},"9":{"start":{"line":15,"column":0},"end":{"line":16,"column":45}},"10":{"start":{"line":19,"column":0},"end":{"line":20,"column":48}},"11":{"start":{"line":22,"column":0},"end":{"line":23,"column":48}},"12":{"start":{"line":26,"column":0},"end":{"line":27,"column":41}},"13":{"start":{"line":29,"column":0},"end":{"line":30,"column":50}},"14":{"start":{"line":32,"column":0},"end":{"line":33,"column":50}},"15":{"start":{"line":35,"column":0},"end":{"line":37,"column":53}},"16":{"start":{"line":39,"column":0},"end":{"line":41,"column":57}},"17":{"start":{"line":43,"column":0},"end":{"line":43,"column":22}}},"fnMap":{},"branchMap":{},"s":{"0":1,"1":1,"2":1,"3":1,"4":1,"5":1,"6":1,"7":1,"8":1,"9":1,"10":1,"11":1,"12":1,"13":1,"14":1,"15":1,"16":1,"17":1},"f":{},"b":{},"_coverageSchema":"1a1c01bbd47fc00a2c39e90264f33305004495a9","hash":"b258eab53ef248a5af4a442f182c5c511de9e08f"}
,"D:\\Library\\Routes\\UserRoute.js": {"path":"D:\\Library\\Routes\\UserRoute.js","statementMap":{"0":{"start":{"line":1,"column":14},"end":{"line":1,"column":32}},"1":{"start":{"line":2,"column":13},"end":{"line":2,"column":29}},"2":{"start":{"line":3,"column":15},"end":{"line":3,"column":32}},"3":{"start":{"line":4,"column":15},"end":{"line":4,"column":23}},"4":{"start":{"line":6,"column":21},"end":{"line":6,"column":63}},"5":{"start":{"line":7,"column":23},"end":{"line":7,"column":60}},"6":{"start":{"line":8,"column":21},"end":{"line":8,"column":59}},"7":{"start":{"line":9,"column":13},"end":{"line":9,"column":62}},"8":{"start":{"line":10,"column":18},"end":{"line":10,"column":71}},"9":{"start":{"line":11,"column":16},"end":{"line":11,"column":55}},"10":{"start":{"line":12,"column":19},"end":{"line":12,"column":87}},"11":{"start":{"line":15,"column":0},"end":{"line":17,"column":104}},"12":{"start":{"line":19,"column":0},"end":{"line":22,"column":55}},"13":{"start":{"line":24,"column":0},"end":{"line":24,"column":22}}},"fnMap":{},"branchMap":{},"s":{"0":1,"1":1,"2":1,"3":1,"4":1,"5":1,"6":1,"7":1,"8":1,"9":1,"10":1,"11":1,"12":1,"13":1},"f":{},"b":{},"_coverageSchema":"1a1c01bbd47fc00a2c39e90264f33305004495a9","hash":"127901f697bbcb26619488f0886ea1c3859f205c"}
,"D:\\Library\\Utils\\CatchAsync.js": {"path":"D:\\Library\\Utils\\CatchAsync.js","statementMap":{"0":{"start":{"line":3,"column":0},"end":{"line":7,"column":1}},"1":{"start":{"line":4,"column":4},"end":{"line":6,"column":5}},"2":{"start":{"line":5,"column":8},"end":{"line":5,"column":37}}},"fnMap":{"0":{"name":"(anonymous_0)","decl":{"start":{"line":3,"column":17},"end":{"line":3,"column":18}},"loc":{"start":{"line":3,"column":22},"end":{"line":7,"column":1}},"line":3},"1":{"name":"(anonymous_1)","decl":{"start":{"line":4,"column":10},"end":{"line":4,"column":11}},"loc":{"start":{"line":4,"column":26},"end":{"line":6,"column":5}},"line":4}},"branchMap":{},"s":{"0":1,"1":31,"2":6},"f":{"0":31,"1":6},"b":{},"_coverageSchema":"1a1c01bbd47fc00a2c39e90264f33305004495a9","hash":"6ebe60395f5e948fec8f3b89027506f77143e50c"}
,"D:\\Library\\Utils\\SMS_service.js": {"path":"D:\\Library\\Utils\\SMS_service.js","statementMap":{"0":{"start":{"line":1,"column":15},"end":{"line":1,"column":32}},"1":{"start":{"line":3,"column":20},"end":{"line":3,"column":42}},"2":{"start":{"line":4,"column":18},"end":{"line":4,"column":42}},"3":{"start":{"line":5,"column":18},"end":{"line":5,"column":54}},"4":{"start":{"line":6,"column":15},"end":{"line":6,"column":55}},"5":{"start":{"line":9,"column":0},"end":{"line":20,"column":2}},"6":{"start":{"line":10,"column":4},"end":{"line":19,"column":5}},"7":{"start":{"line":11,"column":29},"end":{"line":13,"column":74}},"8":{"start":{"line":14,"column":8},"end":{"line":14,"column":41}},"9":{"start":{"line":15,"column":8},"end":{"line":15,"column":20}},"10":{"start":{"line":17,"column":8},"end":{"line":17,"column":67}},"11":{"start":{"line":18,"column":8},"end":{"line":18,"column":21}},"12":{"start":{"line":23,"column":0},"end":{"line":34,"column":2}},"13":{"start":{"line":24,"column":4},"end":{"line":33,"column":5}},"14":{"start":{"line":25,"column":34},"end":{"line":27,"column":78}},"15":{"start":{"line":29,"column":8},"end":{"line":29,"column":55}},"16":{"start":{"line":31,"column":8},"end":{"line":31,"column":55}},"17":{"start":{"line":32,"column":8},"end":{"line":32,"column":21}}},"fnMap":{"0":{"name":"sendVerificationCode","decl":{"start":{"line":9,"column":33},"end":{"line":9,"column":53}},"loc":{"start":{"line":9,"column":67},"end":{"line":20,"column":1}},"line":9},"1":{"name":"verifyUserOTP","decl":{"start":{"line":23,"column":36},"end":{"line":23,"column":49}},"loc":{"start":{"line":23,"column":72},"end":{"line":34,"column":1}},"line":23}},"branchMap":{},"s":{"0":1,"1":1,"2":1,"3":1,"4":1,"5":1,"6":0,"7":0,"8":0,"9":0,"10":0,"11":0,"12":1,"13":0,"14":0,"15":0,"16":0,"17":0},"f":{"0":0,"1":0},"b":{},"_coverageSchema":"1a1c01bbd47fc00a2c39e90264f33305004495a9","hash":"e841e100f1b419d92cf60843341f063858ff030d"}
,"D:\\Library\\Utils\\appError.js": {"path":"D:\\Library\\Utils\\appError.js","statementMap":{"0":{"start":{"line":5,"column":8},"end":{"line":5,"column":23}},"1":{"start":{"line":6,"column":8},"end":{"line":6,"column":37}},"2":{"start":{"line":7,"column":8},"end":{"line":7,"column":73}},"3":{"start":{"line":8,"column":8},"end":{"line":8,"column":34}},"4":{"start":{"line":10,"column":8},"end":{"line":10,"column":55}},"5":{"start":{"line":14,"column":0},"end":{"line":14,"column":25}}},"fnMap":{"0":{"name":"(anonymous_0)","decl":{"start":{"line":4,"column":4},"end":{"line":4,"column":5}},"loc":{"start":{"line":4,"column":35},"end":{"line":11,"column":5}},"line":4}},"branchMap":{"0":{"loc":{"start":{"line":7,"column":22},"end":{"line":7,"column":72}},"type":"cond-expr","locations":[{"start":{"line":7,"column":56},"end":{"line":7,"column":62}},{"start":{"line":7,"column":65},"end":{"line":7,"column":72}}],"line":7}},"s":{"0":3,"1":3,"2":3,"3":3,"4":3,"5":1},"f":{"0":3},"b":{"0":[3,0]},"_coverageSchema":"1a1c01bbd47fc00a2c39e90264f33305004495a9","hash":"a1a9990081acd822f0242c40d84dce0c3e73655a"}
}
